23:14:15.846340 CertCentral: check callback failed for the configuration
23:14:15.846460 Detectify: check callback failed for the configuration
23:14:15.846481 ASNLookup: check callback failed for the configuration
23:14:15.846503 FOFA: check callback failed for the configuration
23:14:15.846510 Ahrefs: check callback failed for the configuration
23:14:15.846544 FullHunt: check callback failed for the configuration
23:14:15.846591 GitLab: check callback failed for the configuration
23:14:15.846601 BeVigil: check callback failed for the configuration
23:14:15.846623 BigDataCloud: check callback failed for the configuration
23:14:15.846695 C99: check callback failed for the configuration
23:14:15.846716 CIRCL: check callback failed for the configuration
23:14:15.846360 Chaos: check callback failed for the configuration
23:14:15.846382 DNSDB: API key data was not provided
23:14:15.846760 DNSDB: check callback failed for the configuration
23:14:15.846417 DNSRepo: check callback failed for the configuration
23:14:15.846434 DNSlytics: check callback failed for the configuration
23:14:15.846446 Deepinfo: check callback failed for the configuration
23:14:15.846750 Netlas: check callback failed for the configuration
23:14:15.846813 Pastebin: check callback failed for the configuration
23:14:15.846835 PentestTools: check callback failed for the configuration
23:14:15.846841 ThreatBook: check callback failed for the configuration
23:14:15.846856 PublicWWW: check callback failed for the configuration
23:14:15.846866 Twitter: API key data was not provided
23:14:15.846882 Quake: check callback failed for the configuration
23:14:15.846900 Umbrella: API key data was not provided
23:14:15.846913 Umbrella: check callback failed for the configuration
23:14:15.846963 SOCRadar: check callback failed for the configuration
23:14:15.846985 Yandex: check callback failed for the configuration
23:14:15.847005 ZETAlytics: check callback failed for the configuration
23:14:15.847071 Spamhaus: check callback failed for the configuration
23:14:15.846883 Twitter: check callback failed for the configuration
23:14:15.846468 360PassiveDNS: check callback failed for the configuration
23:14:15.958813 Querying BinaryEdge for appsec.eu subdomains
23:14:15.958944 Querying DNSDumpster for appsec.eu subdomains
23:14:15.958984 Querying Google for appsec.eu subdomains
23:14:15.959026 Querying HyperStat for appsec.eu subdomains
23:14:15.959046 Querying SiteDossier for appsec.eu subdomains
23:14:15.959067 Querying Arquivo for appsec.eu subdomains
23:14:15.959096 Querying Bing for appsec.eu subdomains
23:14:15.959122 Querying CommonCrawl for appsec.eu subdomains
23:14:15.959143 Querying Shodan for appsec.eu subdomains
23:14:15.959194 Querying ZoomEye for appsec.eu subdomains
23:14:15.959342 Querying BufferOver for appsec.eu subdomains
23:14:15.959404 Querying SecurityTrails for appsec.eu subdomains
23:14:15.959463 Querying Censys for appsec.eu subdomains
23:14:15.959558 Querying HackerTarget for appsec.eu subdomains
23:14:15.959589 Querying LeakIX for appsec.eu subdomains
23:14:15.959641 Querying PKey for appsec.eu subdomains
23:14:15.959666 Querying PassiveTotal for appsec.eu subdomains
23:14:15.959738 Querying Spyse for appsec.eu subdomains
23:14:15.959857 Querying VirusTotal for appsec.eu subdomains
23:14:15.959907 Querying AnubisDB for appsec.eu subdomains
23:14:15.959937 Querying BuiltWith for appsec.eu subdomains
23:14:15.959988 Querying Wayback for appsec.eu subdomains
23:14:15.960023 Querying Brute Forcing for appsec.eu subdomains
23:14:15.973664 Querying FacebookCT for appsec.eu subdomains
23:14:15.973804 Querying Robtex for appsec.eu subdomains
23:14:15.973871 Querying Sublist3rAPI for appsec.eu subdomains
23:14:15.973895 Querying ThreatMiner for appsec.eu subdomains
23:14:15.973926 Querying Yahoo for appsec.eu subdomains
23:14:15.973969 Querying Crtsh for appsec.eu subdomains
23:14:15.973987 Querying IntelX for appsec.eu subdomains
23:14:15.974098 Querying Pulsedive for appsec.eu subdomains
23:14:15.974133 Querying UKWebArchive for appsec.eu subdomains
23:14:15.974152 Querying Greynoise for appsec.eu subdomains
23:14:15.974188 Querying Hunter for appsec.eu subdomains
23:14:15.974248 Querying Maltiverse for appsec.eu subdomains
23:14:15.974282 Querying Searx for appsec.eu subdomains
23:14:15.974316 Querying AbuseIPDB for appsec.eu subdomains
23:14:15.974378 Querying GitHub for appsec.eu subdomains
23:14:15.974459 Querying Riddler for appsec.eu subdomains
23:14:15.974481 Querying WhoisXMLAPI for appsec.eu subdomains
23:14:15.974528 Querying Mnemonic for appsec.eu subdomains
23:14:15.974552 Querying AlienVault for appsec.eu subdomains
23:14:15.974710 Querying ArchiveIt for appsec.eu subdomains
23:14:15.974744 Querying HAW for appsec.eu subdomains
23:14:15.974762 Querying ONYPHE for appsec.eu subdomains
23:14:15.974821 Querying RapidDNS for appsec.eu subdomains
23:14:15.974840 Querying URLScan for appsec.eu subdomains
23:14:15.974882 Querying DNSSpy for appsec.eu subdomains
23:14:15.974901 Querying Gists for appsec.eu subdomains
23:14:15.974929 Querying HackerOne for appsec.eu subdomains
23:14:15.974950 Querying DuckDuckGo for appsec.eu subdomains
23:14:15.974971 Querying GoogleCT for appsec.eu subdomains
23:14:15.978360 Querying Searchcode for appsec.eu subdomains
23:14:15.978404 Querying ThreatCrowd for appsec.eu subdomains
23:14:15.978427 Querying Ask for appsec.eu subdomains
23:14:15.978462 Querying CertSpotter for appsec.eu subdomains
23:14:15.978491 Querying DNSHistory for appsec.eu subdomains
23:14:15.978511 Querying Synapsint for appsec.eu subdomains
23:14:15.978534 Querying Cloudflare for appsec.eu subdomains
23:14:15.993802 Querying SonarSearch for appsec.eu subdomains
23:14:15.993844 Querying Digitorus for appsec.eu subdomains
23:14:15.993876 Querying Baidu for appsec.eu subdomains
23:14:16.142741 GoogleCT: vertical request to service failed: 400: 400 Bad Request
23:14:16.142781 Querying GoogleCT for appsec-labs.com subdomains
23:14:16.220031 GoogleCT: vertical request to service failed: 400: 400 Bad Request
23:14:16.220078 Querying GoogleCT for pinterest.com subdomains
23:14:16.264596 GoogleCT: vertical request to service failed: 400: 400 Bad Request
23:14:16.315533 Querying GoogleCT for owasp.org subdomains
23:14:16.358485 GoogleCT: vertical request to service failed: 400: 400 Bad Request
23:14:16.409022 Querying GoogleCT for appsecusa.org subdomains
23:14:16.450008 GoogleCT: vertical request to service failed: 400: 400 Bad Request
23:14:16.908660 Querying Cloudflare for appsec-labs.com subdomains
23:14:17.039059 DNSSpy: scrape: 403: 403 Forbidden
23:14:17.081285 Spyse: vertical request to service failed: Post "https://api.spyse.com/v4/data/domain/search": dial tcp: lookup api.spyse.com: no such host
23:14:17.088822 Synapsint: scrape: 403: 403 Forbidden
23:14:17.272737 Greynoise: vertical request to service failed: 404: 404 Not Found
23:14:17.375788 ONYPHE: vertical callback: <string>:60: bad argument #1 to pairs (table expected, got string)
stack traceback:
	[G]: in function 'pairs'
	<string>:60: in main chunk
	[G]: ?
23:14:17.713244 Querying Cloudflare for pinterest.com subdomains
23:14:17.810148 DNS: Zone Walk failed: appsecusa.org: NsecTraversal: appsecusa.org. NSEC record not found
23:14:17.964492 Querying HackerTarget for appsec-labs.com subdomains
23:14:17.964727 Querying Spyse for appsec-labs.com subdomains
23:14:17.964901 Querying AnubisDB for appsec-labs.com subdomains
23:14:17.973976 Querying Sublist3rAPI for appsec-labs.com subdomains
23:14:17.974237 Querying Hunter for appsec-labs.com subdomains
23:14:17.974477 Querying Riddler for appsec-labs.com subdomains
23:14:17.974762 Querying ONYPHE for appsec-labs.com subdomains
23:14:17.975021 Querying Greynoise for appsec-labs.com subdomains
23:14:17.975166 Querying HackerOne for appsec-labs.com subdomains
23:14:17.975511 Querying Mnemonic for appsec-labs.com subdomains
23:14:17.975729 Querying DNSSpy for appsec-labs.com subdomains
23:14:17.980146 Querying Synapsint for appsec-labs.com subdomains
23:14:18.051612 LeakIX: vertical request to service failed: 400: 400 Bad Request
23:14:18.094777 IntelX: vertical search request to service failed: 403: 403 Forbidden
23:14:18.518533 Searx: scrape: 429: 429 Too Many Requests
23:14:18.550950 Querying Cloudflare for owasp.org subdomains
23:14:18.811649 Querying Maltiverse for appsec-labs.com subdomains
23:14:18.835422 DNS: Zone Walk failed: appsecusa.org: NsecTraversal: appsecusa.org. NSEC record not found
23:14:18.898618 WhoisXMLAPI: vertical request to service failed: 403: 403 Forbidden
23:14:18.959439 Querying HyperStat for appsec-labs.com subdomains
23:14:18.959490 Querying Shodan for appsec-labs.com subdomains
23:14:18.960806 Spyse: vertical request to service failed: Post "https://api.spyse.com/v4/data/domain/search": dial tcp: lookup api.spyse.com: no such host
23:14:18.973162 Querying LeakIX for appsec-labs.com subdomains
23:14:18.973374 Querying BuiltWith for appsec-labs.com subdomains
23:14:18.976020 Querying IntelX for appsec-labs.com subdomains
23:14:18.977797 Querying Searx for appsec-labs.com subdomains
23:14:18.977899 Querying WhoisXMLAPI for appsec-labs.com subdomains
23:14:18.979362 Querying DNSHistory for appsec-labs.com subdomains
23:14:18.994160 DNSSpy: scrape: 403: 403 Forbidden
23:14:18.997973 Synapsint: scrape: 403: 403 Forbidden
23:14:19.012594 BufferOver: scrape: Get "https://dns.bufferover.run/dns?q=.appsec.eu": dial tcp: lookup dns.bufferover.run: no such host
23:14:19.232941 Greynoise: vertical request to service failed: 404: 404 Not Found
23:14:19.333669 Querying Pulsedive for appsec-labs.com subdomains
23:14:19.375485 Querying Cloudflare for appsecusa.org subdomains
23:14:19.606703 Querying ArchiveIt for appsec-labs.com subdomains
23:14:19.961332 Querying AnubisDB for pinterest.com subdomains
23:14:19.961723 Querying BufferOver for appsec-labs.com subdomains
23:14:19.961906 Querying Spyse for pinterest.com subdomains
23:14:19.974700 Querying Sublist3rAPI for pinterest.com subdomains
23:14:19.974741 Querying Greynoise for pinterest.com subdomains
23:14:19.974825 Querying UKWebArchive for appsec-labs.com subdomains
23:14:19.975188 Querying HackerOne for pinterest.com subdomains
23:14:19.975196 Querying DNSSpy for pinterest.com subdomains
23:14:19.978514 Querying Synapsint for pinterest.com subdomains
23:14:20.988772 Spyse: vertical request to service failed: Post "https://api.spyse.com/v4/data/domain/search": dial tcp: lookup api.spyse.com: no such host
23:14:20.994275 Querying HAW for appsec-labs.com subdomains
23:14:21.010423 Synapsint: scrape: 403: 403 Forbidden
23:14:21.026467 DNSSpy: scrape: 403: 403 Forbidden
23:14:21.059555 LeakIX: vertical request to service failed: 400: 400 Bad Request
23:14:21.083101 IntelX: vertical search request to service failed: 403: 403 Forbidden
23:14:21.158507 Searx: scrape: 429: 429 TOO MANY REQUESTS
23:14:21.242054 Greynoise: vertical request to service failed: 404: 404 Not Found
23:14:21.632256 Querying Maltiverse for pinterest.com subdomains
23:14:21.759468 WhoisXMLAPI: vertical request to service failed: 403: 403 Forbidden
23:14:21.959613 Querying LeakIX for pinterest.com subdomains
23:14:21.959755 Querying Spyse for owasp.org subdomains
23:14:21.959868 Querying HyperStat for pinterest.com subdomains
23:14:21.959941 Querying BuiltWith for pinterest.com subdomains
23:14:21.974652 Querying WhoisXMLAPI for pinterest.com subdomains
23:14:21.974657 Querying FacebookCT for appsec-labs.com subdomains
23:14:21.974662 Querying Sublist3rAPI for owasp.org subdomains
23:14:21.974878 Querying IntelX for pinterest.com subdomains
23:14:21.974975 Querying HackerOne for owasp.org subdomains
23:14:21.975001 Querying Searx for pinterest.com subdomains
23:14:21.975044 Querying Greynoise for owasp.org subdomains
23:14:21.975435 Querying DNSSpy for owasp.org subdomains
23:14:21.979052 Querying Synapsint for owasp.org subdomains
23:14:21.994094 ZoomEye: bearer_token request to service failed: 423: 423 LOCKED
23:14:21.994114 Querying ZoomEye for appsec-labs.com subdomains
23:14:22.219349 DNS: Zone Walk failed: appsec.eu: NsecTraversal: appsec.eu. NSEC record not found
23:14:22.333976 Querying Pulsedive for pinterest.com subdomains
23:14:22.607220 Querying ArchiveIt for pinterest.com subdomains
23:14:22.960980 Spyse: vertical request to service failed: Post "https://api.spyse.com/v4/data/domain/search": dial tcp: lookup api.spyse.com: no such host
23:14:22.961985 BufferOver: scrape: Get "https://dns.bufferover.run/dns?q=.appsec-labs.com": dial tcp: lookup dns.bufferover.run: no such host
23:14:22.995476 DNSSpy: scrape: 403: 403 Forbidden
23:14:23.016068 Synapsint: scrape: 403: 403 Forbidden
23:14:23.132096 GitHub: vertical request to service failed: 401: 401 Unauthorized
23:14:23.215566 Greynoise: vertical request to service failed: 404: 404 Not Found
23:14:23.777245 SiteDossier: scrape: 403: 403 Forbidden
23:14:23.777286 Querying SiteDossier for appsec-labs.com subdomains
23:14:23.959488 Querying BufferOver for pinterest.com subdomains
23:14:23.960260 Querying Spyse for appsecusa.org subdomains
23:14:23.974787 Querying Robtex for appsec-labs.com subdomains
23:14:23.974824 Querying Sublist3rAPI for appsecusa.org subdomains
23:14:23.975369 Querying HackerOne for appsecusa.org subdomains
23:14:23.975763 Querying UKWebArchive for pinterest.com subdomains
23:14:23.989829 Querying Greynoise for appsecusa.org subdomains
23:14:23.989879 Querying GitHub for appsec-labs.com subdomains
23:14:23.990045 Querying DNSSpy for appsecusa.org subdomains
23:14:23.991246 Querying Synapsint for appsecusa.org subdomains
23:14:24.052187 IntelX: vertical search request to service failed: 403: 403 Forbidden
23:14:24.054043 LeakIX: vertical request to service failed: 400: 400 Bad Request
23:14:24.776163 WhoisXMLAPI: vertical request to service failed: 403: 403 Forbidden
23:14:24.962834 Spyse: vertical request to service failed: Post "https://api.spyse.com/v4/data/domain/search": dial tcp: lookup api.spyse.com: no such host
23:14:24.962878 Querying BuiltWith for owasp.org subdomains
23:14:24.963562 Querying LeakIX for owasp.org subdomains
23:14:24.973960 Querying ThreatMiner for appsec-labs.com subdomains
23:14:24.974000 Querying IntelX for owasp.org subdomains
23:14:24.974696 Querying WhoisXMLAPI for owasp.org subdomains
23:14:24.994002 DNSSpy: scrape: 403: 403 Forbidden
23:14:24.999198 Synapsint: scrape: 403: 403 Forbidden
23:14:25.272350 Greynoise: vertical request to service failed: 404: 404 Not Found
23:14:25.685755 Querying PKey for appsec-labs.com subdomains
23:14:25.974781 Querying HAW for pinterest.com subdomains
23:14:26.467496 DNS: Zone Walk failed: owasp.org: NsecTraversal: owasp.org. NSEC record not found
23:14:26.689153 DNS: Zone Walk failed: owasp.org: NsecTraversal: owasp.org. NSEC record not found
23:14:26.877609 ThreatCrowd: vertical request to service failed: 503: 503 Service Temporarily Unavailable
23:14:26.978548 Querying ThreatCrowd for appsec-labs.com subdomains
23:14:27.038232 LeakIX: vertical request to service failed: 400: 400 Bad Request
23:14:27.053366 IntelX: vertical search request to service failed: 403: 403 Forbidden
23:14:27.098469 BufferOver: scrape: Get "https://dns.bufferover.run/dns?q=.pinterest.com": dial tcp: lookup dns.bufferover.run: no such host
23:14:27.403458 ZoomEye: bearer_token request to service failed: 423: 423 LOCKED
23:14:27.403493 Querying ZoomEye for pinterest.com subdomains
23:14:27.907423 WhoisXMLAPI: vertical request to service failed: 403: 403 Forbidden
23:14:27.959967 Querying LeakIX for appsecusa.org subdomains
23:14:27.959970 Querying BuiltWith for appsecusa.org subdomains
23:14:27.974203 Querying FacebookCT for pinterest.com subdomains
23:14:27.974557 Querying WhoisXMLAPI for appsecusa.org subdomains
23:14:27.974669 Querying IntelX for appsecusa.org subdomains
23:14:28.097911 Querying BufferOver for owasp.org subdomains
23:14:28.671966 Querying ArchiveIt for owasp.org subdomains
23:14:30.036535 LeakIX: vertical request to service failed: 400: 400 Bad Request
23:14:30.052470 IntelX: vertical search request to service failed: 403: 403 Forbidden
23:14:30.974756 Querying HAW for owasp.org subdomains
23:14:30.990950 WhoisXMLAPI: vertical request to service failed: 403: 403 Forbidden
23:14:31.107728 BufferOver: scrape: Get "https://dns.bufferover.run/dns?q=.owasp.org": dial tcp: lookup dns.bufferover.run: no such host
23:14:31.131196 DNS: Zone Walk failed: pinterest.com: NsecTraversal: pinterest.com. NSEC record not found
23:14:31.138994 GitHub: vertical request to service failed: 401: 401 Unauthorized
23:14:31.161085 DNS: Zone Walk failed: pinterest.com: NsecTraversal: pinterest.com. NSEC record not found
23:14:31.231230 DNS: Zone Walk failed: pinterest.com: NsecTraversal: pinterest.com. NSEC record not found
23:14:31.284297 DNS: Zone Walk failed: pinterest.com: NsecTraversal: pinterest.com. NSEC record not found
23:14:31.353240 DNS: Zone Walk failed: pinterest.com: NsecTraversal: pinterest.com. NSEC record not found
23:14:31.406392 DNS: Zone Walk failed: pinterest.com: NsecTraversal: pinterest.com. NSEC record not found
23:14:31.484417 DNS: Zone Walk failed: pinterest.com: NsecTraversal: pinterest.com. NSEC record not found
23:14:31.494466 DNS: Zone Walk failed: pinterest.com: NsecTraversal: pinterest.com. NSEC record not found
23:14:31.974631 Querying Robtex for pinterest.com subdomains
23:14:31.975059 Querying GitHub for pinterest.com subdomains
23:14:31.975330 Querying URLScan for appsec-labs.com subdomains
23:14:32.098814 Querying BufferOver for appsecusa.org subdomains
23:14:32.203273 SiteDossier: scrape: 403: 403 Forbidden
23:14:32.203315 Querying SiteDossier for pinterest.com subdomains
23:14:32.330929 DNS: Zone Walk failed: appsec-labs.com: NsecTraversal: appsec-labs.com. NSEC record not found
23:14:33.026798 ZoomEye: bearer_token request to service failed: 423: 423 LOCKED
23:14:33.026833 Querying ZoomEye for owasp.org subdomains
23:14:33.592988 Querying PKey for pinterest.com subdomains
23:14:33.976574 Querying FacebookCT for owasp.org subdomains
23:14:33.976693 Querying ThreatMiner for pinterest.com subdomains
23:14:35.098655 BufferOver: scrape: Get "https://dns.bufferover.run/dns?q=.appsecusa.org": dial tcp: lookup dns.bufferover.run: no such host
23:14:35.975250 Querying HAW for appsecusa.org subdomains
23:14:36.938397 DNS: Zone Walk failed: appsec-labs.com: NsecTraversal: appsec-labs.com. NSEC record not found
23:14:37.630406 ThreatCrowd: vertical request to service failed: 503: 503 Service Temporarily Unavailable
23:14:37.669404 DNS: Zone Walk failed: appsec.eu: NsecTraversal: appsec.eu. NSEC record not found
23:14:37.978502 Querying ThreatCrowd for pinterest.com subdomains
23:14:38.455210 ZoomEye: bearer_token request to service failed: 423: 423 LOCKED
23:14:38.455250 Querying ZoomEye for appsecusa.org subdomains
23:14:39.124720 GitHub: vertical request to service failed: 401: 401 Unauthorized
23:14:39.973736 Querying FacebookCT for appsecusa.org subdomains
23:14:39.973813 Querying Robtex for owasp.org subdomains
23:14:39.975034 Querying GitHub for owasp.org subdomains
23:14:40.598501 SiteDossier: scrape: 403: 403 Forbidden
23:14:40.598546 Querying SiteDossier for owasp.org subdomains
23:14:42.974682 Querying ThreatMiner for owasp.org subdomains
23:14:44.322184 ZoomEye: bearer_token request to service failed: 423: 423 LOCKED
23:14:46.959687 Querying Google for appsec-labs.com subdomains
23:14:47.106263 GitHub: vertical request to service failed: 401: 401 Unauthorized
23:14:47.974867 Querying Robtex for appsecusa.org subdomains
23:14:47.974882 Querying GitHub for appsecusa.org subdomains
23:14:48.002620 SonarSearch: vertical request to service failed: 522: 522 
23:14:48.002654 Querying SonarSearch for appsec-labs.com subdomains
23:14:48.622697 ThreatCrowd: vertical request to service failed: 503: 503 Service Temporarily Unavailable
23:14:49.002305 Querying ThreatCrowd for owasp.org subdomains
23:14:49.002479 SiteDossier: scrape: 403: 403 Forbidden
23:14:49.002493 Querying SiteDossier for appsecusa.org subdomains
23:14:49.077542 UKWebArchive: scrape: 400: 400 Bad Request
23:14:49.077591 Querying UKWebArchive for owasp.org subdomains
23:14:51.974564 Querying ThreatMiner for appsecusa.org subdomains
23:14:55.116045 GitHub: vertical request to service failed: 401: 401 Unauthorized
23:14:57.393967 SiteDossier: scrape: 403: 403 Forbidden
23:14:59.628109 ThreatCrowd: vertical request to service failed: 503: 503 Service Temporarily Unavailable
23:14:59.978581 Querying ThreatCrowd for appsecusa.org subdomains
23:15:02.979262 Querying URLScan for pinterest.com subdomains
23:15:10.502659 Querying Digitorus for appsec-labs.com subdomains
23:15:10.502729 Querying CertSpotter for appsec-labs.com subdomains
23:15:10.502762 Querying AnubisDB for owasp.org subdomains
23:15:10.502781 Querying RapidDNS for appsec-labs.com subdomains
23:15:10.502800 Querying HyperStat for owasp.org subdomains
23:15:10.502819 Querying BinaryEdge for appsec-labs.com subdomains
23:15:10.503111 Querying DNSHistory for pinterest.com subdomains
23:15:10.503134 Querying VirusTotal for appsec-labs.com subdomains
23:15:10.503343 Querying Hunter for pinterest.com subdomains
23:15:10.503513 Querying DNSDumpster for appsec-labs.com subdomains
23:15:10.503535 Querying DuckDuckGo for appsec-labs.com subdomains
23:15:10.503552 Querying PassiveTotal for appsec-labs.com subdomains
23:15:10.503744 Querying UKWebArchive for appsecusa.org subdomains
23:15:10.503770 Querying SecurityTrails for appsec-labs.com subdomains
23:15:10.503961 Querying AbuseIPDB for appsec-labs.com subdomains
23:15:10.503996 Querying PKey for owasp.org subdomains
23:15:10.504028 Querying HackerTarget for pinterest.com subdomains
23:15:10.504055 Querying Shodan for pinterest.com subdomains
23:15:10.504241 Querying Riddler for pinterest.com subdomains
23:15:10.646239 ThreatCrowd: vertical request to service failed: 503: 503 Service Temporarily Unavailable
23:15:12.503735 Querying Hunter for owasp.org subdomains
23:15:13.503790 Querying CertSpotter for pinterest.com subdomains
23:15:13.503870 Querying HyperStat for appsecusa.org subdomains
23:15:13.503893 Querying DuckDuckGo for pinterest.com subdomains
23:15:13.906586 Querying DNSDumpster for pinterest.com subdomains
23:15:15.591652 DuckDuckGo: scrape: 403: 403 Forbidden
23:15:16.517222 Querying DuckDuckGo for owasp.org subdomains
23:15:17.959250 Querying Google for pinterest.com subdomains
23:15:18.575613 DuckDuckGo: scrape: 403: 403 Forbidden
23:15:18.642552 Spyse: request to https://api.spyse.com/v4/data/ip/151.101.64.84 failed: Get "https://api.spyse.com/v4/data/ip/151.101.64.84": dial tcp: lookup api.spyse.com: no such host
23:15:18.666815 BGPView: get_cidr request to service failed: 403: 403 Forbidden
23:15:18.767588 IPinfo: get_asn request to service failed: 403: 403 Forbidden
23:15:18.767824 IPdata: asn callback: <string>:54: attempt to index a non-table object(nil) with key 'asn'
stack traceback:
	<string>:54: in main chunk
	[G]: ?
23:15:19.063053 BGPTools: failed to obtain the table.jsonl file: 403: 403 Forbidden
23:15:19.503728 Querying DuckDuckGo for appsecusa.org subdomains
23:15:20.091438 SonarSearch: vertical request to service failed: 522: 522 
23:15:20.091476 Querying SonarSearch for pinterest.com subdomains
23:15:20.643583 Querying PKey for appsecusa.org subdomains
23:15:21.687899 DuckDuckGo: scrape: 403: 403 Forbidden
23:15:23.039900 NetworksDB: https://networksdb.io/api/v1/ip/info: The request returned zero results
23:15:23.039968 NetworksDB: 151.101.64.84: Failed to obtain IP address information
23:15:23.570400 Spyse: request to https://api.spyse.com/v4/data/ip/151.101.128.84 failed: Get "https://api.spyse.com/v4/data/ip/151.101.128.84": dial tcp: lookup api.spyse.com: no such host
23:15:23.647973 BGPView: get_cidr request to service failed: 403: 403 Forbidden
23:15:23.726923 IPinfo: get_asn request to service failed: 403: 403 Forbidden
23:15:23.778876 IPdata: asn callback: <string>:54: attempt to index a non-table object(nil) with key 'asn'
stack traceback:
	<string>:54: in main chunk
	[G]: ?
23:15:26.780025 DNS: Zone Walk failed: pinterest.com: NsecTraversal: pinterest.com. NSEC record not found
23:15:26.947328 DNS: Zone Walk failed: pinterest.com: NsecTraversal: pinterest.com. NSEC record not found
23:15:27.036981 DNS: Zone Walk failed: pinterest.com: NsecTraversal: pinterest.com. NSEC record not found
23:15:27.037027 DNS: Zone Walk failed: pinterest.com: NsecTraversal: pinterest.com. NSEC record not found
23:15:27.045429 DNS: Zone Walk failed: pinterest.com: NsecTraversal: pinterest.com. NSEC record not found
23:15:27.094997 DNS: Zone Walk failed: pinterest.com: NsecTraversal: pinterest.com. NSEC record not found
23:15:27.113888 DNS: Zone Walk failed: pinterest.com: NsecTraversal: pinterest.com. NSEC record not found
23:15:27.584762 BGPTools: asn callback: <string>:91: attempt to index a non-table object(nil) with key 'lines'
stack traceback:
	<string>:91: in function 'netblocks'
	<string>:32: in main chunk
	[G]: ?
23:15:28.071256 DNS: Zone Walk failed: pinterest.com: NsecTraversal: pinterest.com. NSEC record not found
23:15:29.080605 NetworksDB: https://networksdb.io/api/v1/ip/info: The request returned zero results
23:15:29.080630 NetworksDB: 151.101.128.84: Failed to obtain IP address information
23:15:32.418849 Spyse: request to https://api.spyse.com/v4/data/ip/104.22.26.77 failed: Get "https://api.spyse.com/v4/data/ip/104.22.26.77": dial tcp: lookup api.spyse.com: no such host
23:15:32.459971 BGPView: get_cidr request to service failed: 403: 403 Forbidden
23:15:32.540722 IPinfo: get_asn request to service failed: 403: 403 Forbidden
23:15:32.672151 IPdata: asn callback: <string>:54: attempt to index a non-table object(nil) with key 'asn'
stack traceback:
	<string>:54: in main chunk
	[G]: ?
23:15:36.418911 BGPTools: asn callback: <string>:91: attempt to index a non-table object(nil) with key 'lines'
stack traceback:
	<string>:91: in function 'netblocks'
	<string>:32: in main chunk
	[G]: ?
23:15:36.801887 NetworksDB: https://networksdb.io/api/v1/ip/info: The request returned zero results
23:15:36.801910 NetworksDB: 104.22.26.77: Failed to obtain IP address information
23:15:36.841917 DNS: Zone Walk failed: appsecusa.org: NsecTraversal: appsecusa.org. NSEC record not found
23:15:36.862076 DNS: Zone Walk failed: appsecusa.org: NsecTraversal: appsecusa.org. NSEC record not found
23:15:40.121662 DNS: Zone Walk failed: appsec.eu: NsecTraversal: appsec.eu. NSEC record not found
23:15:40.691098 DNS: Zone Walk failed: appsec.eu: NsecTraversal: appsec.eu. NSEC record not found
23:15:43.401817 CommonCrawl: scrape: Get "https://index.commoncrawl.org/CC-MAIN-2022-33-index?output=json&fl=url&url=*.appsec.eu": context deadline exceeded (Client.Timeout exceeded while awaiting headers)
23:15:48.959326 Querying Google for owasp.org subdomains
23:15:49.799911 Spyse: request to https://api.spyse.com/v4/data/ip/2606:4700:10::6816:1b4d failed: Get "https://api.spyse.com/v4/data/ip/2606:4700:10::6816:1b4d": dial tcp: lookup api.spyse.com: no such host
23:15:49.812376 BGPView: get_cidr request to service failed: 403: 403 Forbidden
23:15:49.906140 IPinfo: get_asn request to service failed: 403: 403 Forbidden
23:15:50.017729 IPdata: asn callback: <string>:54: attempt to index a non-table object(nil) with key 'asn'
stack traceback:
	<string>:54: in main chunk
	[G]: ?
23:15:51.683009 SonarSearch: vertical request to service failed: 522: 522 
23:15:51.683061 Querying SonarSearch for owasp.org subdomains
23:15:52.207174 NetworksDB: https://networksdb.io/api/v1/ip/info: The request returned zero results
23:15:52.207207 NetworksDB: 2606:4700:10::6816:1b4d: Failed to obtain IP address information
23:15:53.326841 Spyse: request to https://api.spyse.com/v4/data/ip/2a06:98c1:3120::3 failed: Get "https://api.spyse.com/v4/data/ip/2a06:98c1:3120::3": dial tcp: lookup api.spyse.com: no such host
23:15:53.352418 BGPView: get_cidr request to service failed: 403: 403 Forbidden
23:15:53.456096 IPinfo: get_asn request to service failed: 403: 403 Forbidden
23:15:53.724004 IPdata: asn callback: <string>:54: attempt to index a non-table object(nil) with key 'asn'
stack traceback:
	<string>:54: in main chunk
	[G]: ?
23:15:53.806973 BGPTools: asn callback: <string>:91: attempt to index a non-table object(nil) with key 'lines'
stack traceback:
	<string>:91: in function 'netblocks'
	<string>:32: in main chunk
	[G]: ?
23:15:58.644093 NetworksDB: https://networksdb.io/api/v1/ip/info: The request returned zero results
23:15:58.644120 NetworksDB: 2a06:98c1:3120::3: Failed to obtain IP address information
23:15:58.833586 BGPTools: asn callback: <string>:91: attempt to index a non-table object(nil) with key 'lines'
stack traceback:
	<string>:91: in function 'netblocks'
	<string>:32: in main chunk
	[G]: ?
23:16:09.515266 Spyse: request to https://api.spyse.com/v4/data/ip/2a06:98c1:3121::3 failed: Get "https://api.spyse.com/v4/data/ip/2a06:98c1:3121::3": dial tcp: lookup api.spyse.com: no such host
23:16:09.537941 BGPView: get_cidr request to service failed: 403: 403 Forbidden
23:16:09.644311 IPinfo: get_asn request to service failed: 403: 403 Forbidden
23:16:09.781202 IPdata: asn callback: <string>:54: attempt to index a non-table object(nil) with key 'asn'
stack traceback:
	<string>:54: in main chunk
	[G]: ?
23:16:13.532465 BGPTools: asn callback: <string>:91: attempt to index a non-table object(nil) with key 'lines'
stack traceback:
	<string>:91: in function 'netblocks'
	<string>:32: in main chunk
	[G]: ?
23:16:14.332581 DNS: Zone Walk failed: owasp.org: NsecTraversal: owasp.org. NSEC record not found
23:16:14.433516 NetworksDB: https://networksdb.io/api/v1/ip/info: The request returned zero results
23:16:14.433587 NetworksDB: 2a06:98c1:3121::3: Failed to obtain IP address information
23:16:15.563630 DNS: Zone Walk failed: owasp.org: NsecTraversal: owasp.org. NSEC record not found
23:16:23.514429 SonarSearch: vertical request to service failed: 522: 522 
23:16:23.514467 Querying SonarSearch for appsecusa.org subdomains
23:16:26.574373 Querying DNSHistory for owasp.org subdomains
23:16:26.574435 Querying Digitorus for pinterest.com subdomains
23:16:26.574460 Querying Riddler for owasp.org subdomains
23:16:26.574504 Querying VirusTotal for pinterest.com subdomains
23:16:26.574802 Querying Google for appsecusa.org subdomains
23:16:26.574872 Querying CertSpotter for owasp.org subdomains
23:16:26.574902 Querying Hunter for appsecusa.org subdomains
23:16:26.575113 Querying RapidDNS for pinterest.com subdomains
23:16:26.575137 Querying ONYPHE for pinterest.com subdomains
23:16:26.575314 Querying BinaryEdge for pinterest.com subdomains
23:16:26.575495 Querying AbuseIPDB for pinterest.com subdomains
23:16:26.575544 Querying Arquivo for appsec-labs.com subdomains
23:16:26.575576 Querying Pulsedive for owasp.org subdomains
23:16:26.575612 Querying AnubisDB for appsecusa.org subdomains
23:16:26.575632 Querying Mnemonic for pinterest.com subdomains
23:16:26.575652 Querying SecurityTrails for pinterest.com subdomains
23:16:28.172114 ONYPHE: vertical callback: <string>:60: bad argument #1 to pairs (table expected, got string)
stack traceback:
	[G]: in function 'pairs'
	<string>:60: in main chunk
	[G]: ?
23:16:28.590443 Querying Riddler for appsecusa.org subdomains
23:16:28.591024 Querying ONYPHE for owasp.org subdomains
23:16:29.554319 Querying AlienVault for appsec-labs.com subdomains
23:16:29.578465 Querying Pulsedive for appsecusa.org subdomains
23:16:29.588541 Querying DNSHistory for appsecusa.org subdomains
23:16:31.030038 ONYPHE: vertical callback: <string>:81: bad argument #2 to in_scope (string expected, got table)
stack traceback:
	[G]: in function 'in_scope'
	<string>:81: in main chunk
	[G]: ?
23:16:32.453802 Spyse: request to https://api.spyse.com/v4/data/ip/74.125.200.27 failed: Get "https://api.spyse.com/v4/data/ip/74.125.200.27": dial tcp: lookup api.spyse.com: no such host
23:16:32.472350 BGPView: get_cidr request to service failed: 403: 403 Forbidden
23:16:32.658106 IPinfo: get_asn request to service failed: 403: 403 Forbidden
23:16:32.781982 IPdata: asn callback: <string>:54: attempt to index a non-table object(nil) with key 'asn'
stack traceback:
	<string>:54: in main chunk
	[G]: ?
23:16:33.246448 Querying Arquivo for pinterest.com subdomains
23:16:36.475422 BGPTools: asn callback: <string>:91: attempt to index a non-table object(nil) with key 'lines'
stack traceback:
	<string>:91: in function 'netblocks'
	<string>:32: in main chunk
	[G]: ?
23:16:36.840490 NetworksDB: https://networksdb.io/api/v1/ip/info: The request returned zero results
23:16:36.840509 NetworksDB: 74.125.200.27: Failed to obtain IP address information
23:16:37.434789 Spyse: request to https://api.spyse.com/v4/data/ip/108.59.164.60 failed: Get "https://api.spyse.com/v4/data/ip/108.59.164.60": dial tcp: lookup api.spyse.com: no such host
23:16:37.536431 BGPView: get_cidr request to service failed: 403: 403 Forbidden
23:16:37.628259 IPdata: asn callback: <string>:54: attempt to index a non-table object(nil) with key 'asn'
stack traceback:
	<string>:54: in main chunk
	[G]: ?
23:16:37.628701 IPinfo: get_asn request to service failed: 403: 403 Forbidden
23:16:41.560971 BGPTools: asn callback: <string>:91: attempt to index a non-table object(nil) with key 'lines'
stack traceback:
	<string>:91: in function 'netblocks'
	<string>:32: in main chunk
	[G]: ?
23:16:42.824328 NetworksDB: https://networksdb.io/api/v1/ip/info: The request returned zero results
23:16:42.824367 NetworksDB: 108.59.164.60: Failed to obtain IP address information
23:16:42.953206 Spyse: request to https://api.spyse.com/v4/data/ip/178.62.198.183 failed: Get "https://api.spyse.com/v4/data/ip/178.62.198.183": dial tcp: lookup api.spyse.com: no such host
23:16:42.955130 BGPView: get_cidr request to service failed: 403: 403 Forbidden
23:16:43.051192 IPinfo: get_asn request to service failed: 403: 403 Forbidden
23:16:43.287894 IPdata: asn callback: <string>:54: attempt to index a non-table object(nil) with key 'asn'
stack traceback:
	<string>:54: in main chunk
	[G]: ?
23:16:47.227922 BGPTools: asn callback: <string>:91: attempt to index a non-table object(nil) with key 'lines'
stack traceback:
	<string>:91: in function 'netblocks'
	<string>:32: in main chunk
	[G]: ?
23:16:48.864138 NetworksDB: https://networksdb.io/api/v1/ip/info: The request returned zero results
23:16:48.864165 NetworksDB: 178.62.198.183: Failed to obtain IP address information
23:16:55.424268 SonarSearch: vertical request to service failed: 522: 522 
23:17:00.063513 DNS: Zone Walk failed: appsec-labs.com: NsecTraversal: appsec-labs.com. NSEC record not found
23:17:01.313148 DNS: Zone Walk failed: appsec-labs.com: NsecTraversal: appsec-labs.com. NSEC record not found
23:17:02.631970 Searchcode: scrape: Get "https://searchcode.com/api/codesearch_I/?per_page=100&q=.appsec.eu&p=47": context deadline exceeded (Client.Timeout exceeded while awaiting headers)
23:17:02.632051 Querying Searchcode for appsec-labs.com subdomains
23:17:21.259725 Querying Digitorus for owasp.org subdomains
23:17:21.259802 Querying Baidu for appsec-labs.com subdomains
23:17:21.259856 Querying PassiveTotal for pinterest.com subdomains
23:17:21.260136 Querying CertSpotter for appsecusa.org subdomains
23:17:21.260172 Querying Yahoo for appsec-labs.com subdomains
23:17:21.260204 Querying ONYPHE for appsecusa.org subdomains
23:17:21.260414 Querying Searx for owasp.org subdomains
23:17:21.260461 Querying Wayback for appsec-labs.com subdomains
23:17:21.331322 Querying Shodan for owasp.org subdomains
23:17:22.721144 ONYPHE: vertical callback: <string>:81: bad argument #2 to in_scope (string expected, got table)
stack traceback:
	[G]: in function 'in_scope'
	<string>:81: in main chunk
	[G]: ?
23:17:23.240244 Querying AlienVault for pinterest.com subdomains
23:17:24.274115 Querying Digitorus for appsecusa.org subdomains
23:17:27.433269 Spyse: request to https://api.spyse.com/v4/data/ip/54.236.1.20 failed: Get "https://api.spyse.com/v4/data/ip/54.236.1.20": dial tcp: lookup api.spyse.com: no such host
23:17:27.482547 BGPView: get_cidr request to service failed: 403: 403 Forbidden
23:17:27.577021 IPinfo: get_asn request to service failed: 403: 403 Forbidden
23:17:27.725505 IPdata: asn callback: <string>:54: attempt to index a non-table object(nil) with key 'asn'
stack traceback:
	<string>:54: in main chunk
	[G]: ?
23:17:31.450755 BGPTools: asn callback: <string>:91: attempt to index a non-table object(nil) with key 'lines'
stack traceback:
	<string>:91: in function 'netblocks'
	<string>:32: in main chunk
	[G]: ?
23:17:31.802614 NetworksDB: https://networksdb.io/api/v1/ip/info: The request returned zero results
23:17:31.802634 NetworksDB: 54.236.1.20: Failed to obtain IP address information
23:17:32.356140 Spyse: request to https://api.spyse.com/v4/data/ip/82.81.41.174 failed: Get "https://api.spyse.com/v4/data/ip/82.81.41.174": dial tcp: lookup api.spyse.com: no such host
23:17:32.374220 BGPView: get_cidr request to service failed: 403: 403 Forbidden
23:17:32.469369 IPinfo: get_asn request to service failed: 403: 403 Forbidden
23:17:32.665598 IPdata: asn callback: <string>:54: attempt to index a non-table object(nil) with key 'asn'
stack traceback:
	<string>:54: in main chunk
	[G]: ?
23:17:34.648011 Querying Baidu for pinterest.com subdomains
23:17:36.692137 BGPTools: asn callback: <string>:91: attempt to index a non-table object(nil) with key 'lines'
stack traceback:
	<string>:91: in function 'netblocks'
	<string>:32: in main chunk
	[G]: ?
23:17:37.808834 NetworksDB: https://networksdb.io/api/v1/ip/info: The request returned zero results
23:17:37.808868 NetworksDB: 82.81.41.174: Failed to obtain IP address information
23:17:41.943672 Searx: scrape: 429: 429 Too Many Requests
23:17:46.664787 Querying Baidu for owasp.org subdomains
23:17:59.417854 Querying Baidu for appsecusa.org subdomains
23:18:21.690752 Querying Ask for appsec-labs.com subdomains
23:18:21.690772 Querying VirusTotal for owasp.org subdomains
23:18:21.690800 Querying Shodan for appsecusa.org subdomains
23:18:35.463625 DNS wildcard detected: Resolver 8.8.8.8:53: *.testing.pinterest.com
23:18:49.880787 DNS: Zone Walk failed: gslb.pinterest.com: NsecTraversal: gslb.pinterest.com. NSEC record not found
23:18:51.913357 DNS: Zone Walk failed: gslb.pinterest.com: NsecTraversal: gslb.pinterest.com. NSEC record not found
23:18:52.850897 DNS: Zone Walk failed: gslb.pinterest.com: NsecTraversal: gslb.pinterest.com. NSEC record not found
23:18:53.907265 DNS: Zone Walk failed: gslb.pinterest.com: NsecTraversal: gslb.pinterest.com. NSEC record not found
23:18:54.713824 DNS: Zone Walk failed: gslb.pinterest.com: NsecTraversal: gslb.pinterest.com. NSEC record not found
23:18:55.063579 DNS: Zone Walk failed: gslb.pinterest.com: NsecTraversal: gslb.pinterest.com. NSEC record not found
23:18:55.695159 DNS: Zone Walk failed: gslb.pinterest.com: NsecTraversal: gslb.pinterest.com. NSEC record not found
23:18:55.949314 DNS: Zone Walk failed: gslb.pinterest.com: NsecTraversal: gslb.pinterest.com. NSEC record not found
23:19:05.753012 Querying Wayback for pinterest.com subdomains
23:19:05.785528 Querying Searx for appsecusa.org subdomains
23:19:05.785558 Querying Gists for appsec-labs.com subdomains
23:19:05.785627 Querying DNSDumpster for owasp.org subdomains
23:19:05.785537 Querying Searchcode for pinterest.com subdomains
23:19:05.790034 Querying VirusTotal for appsecusa.org subdomains
23:19:05.790035 Querying Yahoo for pinterest.com subdomains
23:19:55.975753 CommonCrawl: scrape: Get "https://index.commoncrawl.org/CC-MAIN-2021-04-index?output=json&fl=url&url=*.appsec.eu": context deadline exceeded (Client.Timeout exceeded while awaiting headers)
23:20:02.705350 BGPView: get_cidr request to service failed: 403: 403 Forbidden
23:20:02.725552 Spyse: request to https://api.spyse.com/v4/data/ip/95.101.78.73 failed: Get "https://api.spyse.com/v4/data/ip/95.101.78.73": dial tcp: lookup api.spyse.com: no such host
23:20:02.807059 IPinfo: get_asn request to service failed: 403: 403 Forbidden
23:20:03.076920 IPdata: asn callback: <string>:54: attempt to index a non-table object(nil) with key 'asn'
stack traceback:
	<string>:54: in main chunk
	[G]: ?
23:20:06.710200 BGPTools: asn callback: <string>:91: attempt to index a non-table object(nil) with key 'lines'
stack traceback:
	<string>:91: in function 'netblocks'
	<string>:32: in main chunk
	[G]: ?
23:20:07.075829 NetworksDB: https://networksdb.io/api/v1/ip/info: The request returned zero results
23:20:07.075865 NetworksDB: 95.101.78.73: Failed to obtain IP address information
23:20:34.276216 Querying Bing for appsec-labs.com subdomains
23:20:34.306209 Querying Yahoo for owasp.org subdomains
23:20:34.306221 Querying DNSDumpster for appsecusa.org subdomains
23:20:34.306238 Querying Gists for pinterest.com subdomains
23:20:34.326021 Querying BinaryEdge for owasp.org subdomains
23:21:15.524865 Querying Mnemonic for owasp.org subdomains
23:21:15.524942 Querying Maltiverse for owasp.org subdomains
23:21:15.524925 Querying HackerTarget for owasp.org subdomains
23:21:15.535749 Querying Ask for pinterest.com subdomains
23:21:15.535777 Querying BinaryEdge for appsecusa.org subdomains
23:21:17.614273 CommonCrawl: scrape: Get "https://index.commoncrawl.org/CC-MAIN-2020-45-index?output=json&fl=url&url=*.appsec.eu": context deadline exceeded (Client.Timeout exceeded while awaiting headers)
23:21:18.464796 Querying Maltiverse for appsecusa.org subdomains
23:21:58.313184 Querying HackerTarget for appsecusa.org subdomains
23:21:58.313206 Querying Yahoo for appsecusa.org subdomains
23:22:48.532863 Querying Mnemonic for appsecusa.org subdomains
23:23:29.911091 Querying URLScan for owasp.org subdomains
23:24:17.919729 CommonCrawl: scrape: Get "https://index.commoncrawl.org/CC-MAIN-2019-47-index?output=json&fl=url&url=*.appsec.eu": context deadline exceeded (Client.Timeout exceeded while awaiting headers)
23:24:23.445752 Querying Censys for appsec-labs.com subdomains
23:24:23.446064 Querying Arquivo for owasp.org subdomains
23:24:23.446102 Querying Bing for pinterest.com subdomains
23:24:23.451476 Querying Searchcode for owasp.org subdomains
23:24:31.513768 Searchcode: scrape: 504: 504 Gateway Time-out
23:24:55.627582 Querying Searchcode for appsecusa.org subdomains
23:24:55.627649 Querying Ask for owasp.org subdomains
23:24:55.627685 Querying SecurityTrails for owasp.org subdomains
23:24:55.628021 Querying AbuseIPDB for owasp.org subdomains
23:24:57.741233 Searchcode: scrape: 504: 504 Gateway Time-out
23:25:23.921070 CommonCrawl: scrape: Get "https://index.commoncrawl.org/CC-MAIN-2019-43-index?output=json&fl=url&url=*.appsec.eu": context deadline exceeded (Client.Timeout exceeded while awaiting headers)
23:25:30.363406 Querying SecurityTrails for appsecusa.org subdomains
23:25:30.367896 Querying AbuseIPDB for appsecusa.org subdomains
23:26:12.243168 Querying Bing for owasp.org subdomains
23:26:12.251197 Querying Ask for appsecusa.org subdomains
23:26:49.990135 Querying Arquivo for appsecusa.org subdomains
23:27:00.116520 CommonCrawl: scrape: Get "https://index.commoncrawl.org/CC-MAIN-2019-35-index?output=json&fl=url&url=*.appsec.eu": context deadline exceeded (Client.Timeout exceeded while awaiting headers)
23:27:55.579151 Querying Crtsh for appsec-labs.com subdomains
23:29:25.295246 Querying Censys for pinterest.com subdomains
23:29:25.295250 Querying Bing for appsecusa.org subdomains
23:29:26.713281 CommonCrawl: scrape: Get "https://index.commoncrawl.org/CC-MAIN-2019-13-index?output=json&fl=url&url=*.appsec.eu": context deadline exceeded (Client.Timeout exceeded while awaiting headers)
23:30:07.627832 Querying RapidDNS for owasp.org subdomains
23:30:32.714265 CommonCrawl: scrape: Get "https://index.commoncrawl.org/CC-MAIN-2019-09-index?output=json&fl=url&url=*.appsec.eu": context deadline exceeded (Client.Timeout exceeded while awaiting headers)
23:30:49.949898 Querying ArchiveIt for appsecusa.org subdomains
23:31:30.038227 Querying RapidDNS for appsecusa.org subdomains
23:31:30.071909 Querying Crtsh for pinterest.com subdomains
23:31:55.911404 Querying URLScan for appsecusa.org subdomains
23:34:47.112892 Querying Gists for owasp.org subdomains
23:34:59.709433 CommonCrawl: scrape: Get "https://index.commoncrawl.org/CC-MAIN-2018-09-index?output=json&fl=url&url=*.appsec.eu": context deadline exceeded (Client.Timeout exceeded while awaiting headers)
23:35:45.839178 Querying Censys for owasp.org subdomains
23:36:05.711043 CommonCrawl: scrape: Get "https://index.commoncrawl.org/CC-MAIN-2018-05-index?output=json&fl=url&url=*.appsec.eu": context deadline exceeded (Client.Timeout exceeded while awaiting headers)
23:37:51.738242 Querying Censys for appsecusa.org subdomains
23:38:38.398573 Querying Crtsh for owasp.org subdomains
23:40:43.359522 CommonCrawl: scrape: Get "https://index.commoncrawl.org/CC-MAIN-2017-04-index?output=json&fl=url&url=*.appsec.eu": context deadline exceeded (Client.Timeout exceeded while awaiting headers)
23:41:47.996754 Querying Gists for appsecusa.org subdomains
23:41:49.360714 CommonCrawl: scrape: Get "https://index.commoncrawl.org/CC-MAIN-2016-50-index?output=json&fl=url&url=*.appsec.eu": context deadline exceeded (Client.Timeout exceeded while awaiting headers)
23:42:43.708443 AlienVault: https://otx.alienvault.com/api/v1/indicators/domain/pinterest.com/url_list?page=1303: 502: 502 Bad Gateway
23:43:33.733108 Querying AlienVault for owasp.org subdomains
23:43:35.827013 CommonCrawl: scrape: Get "https://index.commoncrawl.org/CC-MAIN-2016-30-index?output=json&fl=url&url=*.appsec.eu": context deadline exceeded (Client.Timeout exceeded while awaiting headers)
23:45:13.630556 Querying Crtsh for appsecusa.org subdomains
23:45:13.664134 Querying PassiveTotal for owasp.org subdomains
23:45:45.528801 Querying Wayback for owasp.org subdomains
23:45:59.541856 CommonCrawl: scrape: Get "https://index.commoncrawl.org/CC-MAIN-2015-35-index?output=json&fl=url&url=*.appsec.eu": context deadline exceeded (Client.Timeout exceeded while awaiting headers)
23:46:20.176394 Querying PassiveTotal for appsecusa.org subdomains
23:47:26.033784 Querying AlienVault for appsecusa.org subdomains
23:49:44.650148 CommonCrawl: scrape: Get "https://index.commoncrawl.org/CC-MAIN-2014-35-index?output=json&fl=url&url=*.appsec.eu": context deadline exceeded (Client.Timeout exceeded while awaiting headers)
23:51:40.457762 CommonCrawl: scrape: 404: 404 Not Found
23:51:50.033265 CommonCrawl: scrape: 404: 404 Not Found
23:52:05.243420 CommonCrawl: scrape: 404: 404 Not Found
23:52:15.460691 CommonCrawl: scrape: 404: 404 Not Found
23:52:15.460742 Querying CommonCrawl for appsec-labs.com subdomains
23:53:22.461520 CommonCrawl: scrape: Get "https://index.commoncrawl.org/CC-MAIN-2022-40-index?output=json&fl=url&url=*.appsec-labs.com": context deadline exceeded (Client.Timeout exceeded while awaiting headers)
23:54:44.689848 CommonCrawl: scrape: Get "https://index.commoncrawl.org/CC-MAIN-2022-21-index?output=json&fl=url&url=*.appsec-labs.com": context deadline exceeded (Client.Timeout exceeded while awaiting headers)
23:58:21.067514 CommonCrawl: scrape: Get "https://index.commoncrawl.org/CC-MAIN-2021-04-index?output=json&fl=url&url=*.appsec-labs.com": context deadline exceeded (Client.Timeout exceeded while awaiting headers)
23:58:21.864404 DNS: Zone Walk failed: pinterest.com: NsecTraversal: pinterest.com. NSEC record not found
23:58:23.162435 DNS: Zone Walk failed: pinterest.com: NsecTraversal: pinterest.com. NSEC record not found
23:58:23.544723 DNS: Zone Walk failed: pinterest.com: NsecTraversal: pinterest.com. NSEC record not found
23:58:24.137101 DNS: Zone Walk failed: pinterest.com: NsecTraversal: pinterest.com. NSEC record not found
23:58:24.800762 DNS: Zone Walk failed: pinterest.com: NsecTraversal: pinterest.com. NSEC record not found
23:58:24.966547 DNS: Zone Walk failed: pinterest.com: NsecTraversal: pinterest.com. NSEC record not found
23:58:25.801618 DNS: Zone Walk failed: pinterest.com: NsecTraversal: pinterest.com. NSEC record not found
23:58:26.046502 DNS: Zone Walk failed: pinterest.com: NsecTraversal: pinterest.com. NSEC record not found
23:58:26.337559 DNS: Zone Walk failed: appsecusa.org: NsecTraversal: appsecusa.org. NSEC record not found
23:58:26.537448 DNS: Zone Walk failed: appsecusa.org: NsecTraversal: appsecusa.org. NSEC record not found
23:58:27.393950 DNS: Zone Walk failed: pinterest.com: NsecTraversal: pinterest.com. NSEC record not found
23:58:27.564975 DNS: Zone Walk failed: pinterest.com: NsecTraversal: pinterest.com. NSEC record not found
23:58:28.009872 DNS: Zone Walk failed: pinterest.com: NsecTraversal: pinterest.com. NSEC record not found
23:58:28.211911 DNS: Zone Walk failed: pinterest.com: NsecTraversal: pinterest.com. NSEC record not found
23:58:28.910329 DNS: Zone Walk failed: pinterest.com: NsecTraversal: pinterest.com. NSEC record not found
23:58:29.411570 DNS: Zone Walk failed: pinterest.com: NsecTraversal: pinterest.com. NSEC record not found
23:58:29.528008 DNS: Zone Walk failed: pinterest.com: NsecTraversal: pinterest.com. NSEC record not found
23:58:30.037656 DNS: Zone Walk failed: pinterest.com: NsecTraversal: pinterest.com. NSEC record not found
23:58:30.112663 DNS: Zone Walk failed: pinterest.com: NsecTraversal: pinterest.com. NSEC record not found
23:58:30.538204 DNS: Zone Walk failed: pinterest.com: NsecTraversal: pinterest.com. NSEC record not found
23:58:31.174423 DNS: Zone Walk failed: pinterest.com: NsecTraversal: pinterest.com. NSEC record not found
23:58:31.752629 DNS: Zone Walk failed: pinterest.com: NsecTraversal: pinterest.com. NSEC record not found
23:58:31.769124 DNS: Zone Walk failed: pinterest.com: NsecTraversal: pinterest.com. NSEC record not found
23:58:32.032475 DNS: Zone Walk failed: pinterest.com: NsecTraversal: pinterest.com. NSEC record not found
23:58:32.301284 DNS: Zone Walk failed: pinterest.com: NsecTraversal: pinterest.com. NSEC record not found
23:58:33.706649 DNS: Zone Walk failed: pinterest.com: NsecTraversal: pinterest.com. NSEC record not found
23:58:38.564160 DNS: Zone Walk failed: appsec-labs.com: NsecTraversal: appsec-labs.com. NSEC record not found
23:58:38.784971 DNS: Zone Walk failed: appsec-labs.com: NsecTraversal: appsec-labs.com. NSEC record not found
23:58:38.982867 DNS: Zone Walk failed: appsec-labs.com: NsecTraversal: appsec-labs.com. NSEC record not found
23:58:39.191626 DNS: Zone Walk failed: appsec-labs.com: NsecTraversal: appsec-labs.com. NSEC record not found
23:58:39.850626 DNS: Zone Walk failed: pinterest.com: NsecTraversal: pinterest.com. NSEC record not found
23:58:40.147774 DNS: Zone Walk failed: pinterest.com: NsecTraversal: pinterest.com. NSEC record not found
23:58:40.248595 DNS: Zone Walk failed: pinterest.com: NsecTraversal: pinterest.com. NSEC record not found
23:58:40.781438 DNS: Zone Walk failed: pinterest.com: NsecTraversal: pinterest.com. NSEC record not found
23:58:40.801027 DNS: Zone Walk failed: pinterest.com: NsecTraversal: pinterest.com. NSEC record not found
23:58:41.791242 DNS: Zone Walk failed: pinterest.com: NsecTraversal: pinterest.com. NSEC record not found
23:58:42.134871 DNS: Zone Walk failed: pinterest.com: NsecTraversal: pinterest.com. NSEC record not found
23:58:42.505900 DNS: Zone Walk failed: pinterest.com: NsecTraversal: pinterest.com. NSEC record not found
23:58:49.169521 DNS: Zone Walk failed: owasp.org: NsecTraversal: owasp.org. NSEC record not found
23:58:49.185230 DNS: Zone Walk failed: owasp.org: NsecTraversal: owasp.org. NSEC record not found
23:58:50.585785 DNS: Zone Walk failed: appsec-labs.com: NsecTraversal: appsec-labs.com. NSEC record not found
23:58:52.109673 DNS: Zone Walk failed: appsec-labs.com: NsecTraversal: appsec-labs.com. NSEC record not found
00:04:01.214565 CommonCrawl: scrape: Get "https://index.commoncrawl.org/CC-MAIN-2019-35-index?output=json&fl=url&url=*.appsec-labs.com": context deadline exceeded (Client.Timeout exceeded while awaiting headers)
00:05:15.311446 CommonCrawl: scrape: Get "https://index.commoncrawl.org/CC-MAIN-2019-26-index?output=json&fl=url&url=*.appsec-labs.com": context deadline exceeded (Client.Timeout exceeded while awaiting headers)
00:06:21.312912 CommonCrawl: scrape: Get "https://index.commoncrawl.org/CC-MAIN-2019-22-index?output=json&fl=url&url=*.appsec-labs.com": context deadline exceeded (Client.Timeout exceeded while awaiting headers)
00:07:27.313216 CommonCrawl: scrape: Get "https://index.commoncrawl.org/CC-MAIN-2019-18-index?output=json&fl=url&url=*.appsec-labs.com": context deadline exceeded (Client.Timeout exceeded while awaiting headers)
00:11:37.814666 CommonCrawl: scrape: Get "https://index.commoncrawl.org/CC-MAIN-2018-26-index?output=json&fl=url&url=*.appsec-labs.com": context deadline exceeded (Client.Timeout exceeded while awaiting headers)
00:12:43.815893 CommonCrawl: scrape: Get "https://index.commoncrawl.org/CC-MAIN-2018-22-index?output=json&fl=url&url=*.appsec-labs.com": context deadline exceeded (Client.Timeout exceeded while awaiting headers)
00:15:31.924158 CommonCrawl: scrape: Get "https://index.commoncrawl.org/CC-MAIN-2017-47-index?output=json&fl=url&url=*.appsec-labs.com": context deadline exceeded (Client.Timeout exceeded while awaiting headers)
00:16:37.925123 CommonCrawl: scrape: Get "https://index.commoncrawl.org/CC-MAIN-2017-43-index?output=json&fl=url&url=*.appsec-labs.com": context deadline exceeded (Client.Timeout exceeded while awaiting headers)
00:18:01.176483 CommonCrawl: scrape: Get "https://index.commoncrawl.org/CC-MAIN-2017-34-index?output=json&fl=url&url=*.appsec-labs.com": context deadline exceeded (Client.Timeout exceeded while awaiting headers)
00:19:46.445354 DNS: Zone Walk failed: appsec-labs.com: NsecTraversal: appsec-labs.com. NSEC record not found
00:19:46.487655 DNS: Zone Walk failed: appsec-labs.com: NsecTraversal: appsec-labs.com. NSEC record not found
00:20:19.661894 CommonCrawl: scrape: Get "https://index.commoncrawl.org/CC-MAIN-2017-13-index?output=json&fl=url&url=*.appsec-labs.com": context deadline exceeded (Client.Timeout exceeded while awaiting headers)
00:22:05.735527 DNS: Zone Walk failed: appsec-labs.com: NsecTraversal: appsec-labs.com. NSEC record not found
00:22:10.109561 DNS: Zone Walk failed: appsec-labs.com: NsecTraversal: appsec-labs.com. NSEC record not found
00:26:34.651121 DNS: Zone Walk failed: owasp.org: NsecTraversal: owasp.org. NSEC record not found
00:26:38.904003 DNS: Zone Walk failed: owasp.org: NsecTraversal: owasp.org. NSEC record not found
00:27:27.177857 CommonCrawl: scrape: Get "https://index.commoncrawl.org/CC-MAIN-2015-27-index?output=json&fl=url&url=*.appsec-labs.com": context deadline exceeded (Client.Timeout exceeded while awaiting headers)
00:29:25.897452 CommonCrawl: scrape: Get "https://index.commoncrawl.org/CC-MAIN-2015-11-index?output=json&fl=url&url=*.appsec-labs.com": context deadline exceeded (Client.Timeout exceeded while awaiting headers)
00:30:31.898491 CommonCrawl: scrape: Get "https://index.commoncrawl.org/CC-MAIN-2015-06-index?output=json&fl=url&url=*.appsec-labs.com": context deadline exceeded (Client.Timeout exceeded while awaiting headers)
00:30:57.400000 CommonCrawl: scrape: 404: 404 Not Found
00:32:03.400836 CommonCrawl: scrape: Get "https://index.commoncrawl.org/CC-MAIN-2014-49-index?output=json&fl=url&url=*.appsec-labs.com": context deadline exceeded (Client.Timeout exceeded while awaiting headers)
00:33:09.401214 CommonCrawl: scrape: Get "https://index.commoncrawl.org/CC-MAIN-2014-42-index?output=json&fl=url&url=*.appsec-labs.com": context deadline exceeded (Client.Timeout exceeded while awaiting headers)
00:33:20.173653 CommonCrawl: scrape: 404: 404 Not Found
00:33:51.414145 CommonCrawl: scrape: 404: 404 Not Found
00:34:00.970925 CommonCrawl: scrape: 404: 404 Not Found
00:35:06.971134 CommonCrawl: scrape: Get "https://index.commoncrawl.org/CC-MAIN-2014-15-index?output=json&fl=url&url=*.appsec-labs.com": context deadline exceeded (Client.Timeout exceeded while awaiting headers)
00:35:33.842022 CommonCrawl: scrape: 404: 404 Not Found
00:35:45.958825 CommonCrawl: scrape: 404: 404 Not Found
00:36:09.288369 CommonCrawl: scrape: 404: 404 Not Found
00:36:23.432645 CommonCrawl: scrape: 404: 404 Not Found
00:36:23.432697 Querying CommonCrawl for pinterest.com subdomains
00:37:47.265159 DNS: Zone Walk failed: pinterest.com: NsecTraversal: pinterest.com. NSEC record not found
00:37:47.446121 DNS: Zone Walk failed: pinterest.com: NsecTraversal: pinterest.com. NSEC record not found
00:37:47.529089 DNS: Zone Walk failed: pinterest.com: NsecTraversal: pinterest.com. NSEC record not found
00:37:47.532219 DNS: Zone Walk failed: pinterest.com: NsecTraversal: pinterest.com. NSEC record not found
00:37:47.569899 DNS: Zone Walk failed: pinterest.com: NsecTraversal: pinterest.com. NSEC record not found
00:37:48.010131 CommonCrawl: scrape: Get "https://index.commoncrawl.org/CC-MAIN-2022-33-index?output=json&fl=url&url=*.pinterest.com": context deadline exceeded (Client.Timeout exceeded while awaiting headers)
00:37:48.337701 DNS: Zone Walk failed: pinterest.com: NsecTraversal: pinterest.com. NSEC record not found
00:37:54.204585 DNS: Zone Walk failed: pinterest.com: NsecTraversal: pinterest.com. NSEC record not found
00:37:54.312812 DNS: Zone Walk failed: pinterest.com: NsecTraversal: pinterest.com. NSEC record not found
00:40:34.364252 CommonCrawl: scrape: Get "https://index.commoncrawl.org/CC-MAIN-2021-39-index?output=json&fl=url&url=*.pinterest.com": context deadline exceeded (Client.Timeout exceeded while awaiting headers)
00:42:00.250912 DNS: Zone Walk failed: owasp.org: NsecTraversal: owasp.org. NSEC record not found
00:42:00.479606 DNS: Zone Walk failed: owasp.org: NsecTraversal: owasp.org. NSEC record not found
00:42:15.726171 DNS: Zone Walk failed: pinterest.com: NsecTraversal: pinterest.com. NSEC record not found
00:42:15.739754 DNS: Zone Walk failed: pinterest.com: NsecTraversal: pinterest.com. NSEC record not found
00:42:15.796163 DNS: Zone Walk failed: pinterest.com: NsecTraversal: pinterest.com. NSEC record not found
00:42:15.796218 DNS: Zone Walk failed: pinterest.com: NsecTraversal: pinterest.com. NSEC record not found
00:42:15.841242 DNS: Zone Walk failed: pinterest.com: NsecTraversal: pinterest.com. NSEC record not found
00:42:15.889486 DNS: Zone Walk failed: pinterest.com: NsecTraversal: pinterest.com. NSEC record not found
00:42:15.980082 DNS: Zone Walk failed: pinterest.com: NsecTraversal: pinterest.com. NSEC record not found
00:42:16.198574 DNS: Zone Walk failed: pinterest.com: NsecTraversal: pinterest.com. NSEC record not found
00:42:48.447809 CommonCrawl: scrape: Get "https://index.commoncrawl.org/CC-MAIN-2021-10-index?output=json&fl=url&url=*.pinterest.com": context deadline exceeded (Client.Timeout exceeded while awaiting headers)
00:44:47.645806 CommonCrawl: scrape: Get "https://index.commoncrawl.org/CC-MAIN-2020-40-index?output=json&fl=url&url=*.pinterest.com": context deadline exceeded (Client.Timeout exceeded while awaiting headers)
00:45:53.646441 CommonCrawl: scrape: Get "https://index.commoncrawl.org/CC-MAIN-2020-34-index?output=json&fl=url&url=*.pinterest.com": context deadline exceeded (Client.Timeout exceeded while awaiting headers)
00:47:14.453499 Querying Brute Forcing for appsec-labs.com subdomains
00:47:14.841246 DNS: Zone Walk failed: pinterest.com: NsecTraversal: pinterest.com. NSEC record not found
00:47:15.066858 DNS: Zone Walk failed: pinterest.com: NsecTraversal: pinterest.com. NSEC record not found
00:47:15.111782 DNS: Zone Walk failed: pinterest.com: NsecTraversal: pinterest.com. NSEC record not found
00:47:15.184609 DNS: Zone Walk failed: pinterest.com: NsecTraversal: pinterest.com. NSEC record not found
00:47:15.245198 DNS: Zone Walk failed: pinterest.com: NsecTraversal: pinterest.com. NSEC record not found
00:47:15.390929 DNS: Zone Walk failed: pinterest.com: NsecTraversal: pinterest.com. NSEC record not found
00:47:16.212773 DNS: Zone Walk failed: pinterest.com: NsecTraversal: pinterest.com. NSEC record not found
00:47:16.243467 DNS: Zone Walk failed: pinterest.com: NsecTraversal: pinterest.com. NSEC record not found
00:47:26.428338 DNS: Zone Walk failed: pinterest.com: NsecTraversal: pinterest.com. NSEC record not found
00:47:26.589831 DNS: Zone Walk failed: pinterest.com: NsecTraversal: pinterest.com. NSEC record not found
00:47:26.628868 DNS: Zone Walk failed: pinterest.com: NsecTraversal: pinterest.com. NSEC record not found
00:47:26.748612 DNS: Zone Walk failed: pinterest.com: NsecTraversal: pinterest.com. NSEC record not found
00:47:26.841571 DNS: Zone Walk failed: pinterest.com: NsecTraversal: pinterest.com. NSEC record not found
00:47:26.956515 DNS: Zone Walk failed: pinterest.com: NsecTraversal: pinterest.com. NSEC record not found
00:47:27.031238 DNS: Zone Walk failed: pinterest.com: NsecTraversal: pinterest.com. NSEC record not found
00:47:27.804744 DNS: Zone Walk failed: pinterest.com: NsecTraversal: pinterest.com. NSEC record not found
00:48:20.685599 DNS: Zone Walk failed: pinterest.com: NsecTraversal: pinterest.com. NSEC record not found
00:48:20.791850 DNS: Zone Walk failed: pinterest.com: NsecTraversal: pinterest.com. NSEC record not found
00:48:20.882629 DNS: Zone Walk failed: pinterest.com: NsecTraversal: pinterest.com. NSEC record not found
00:48:20.994459 DNS: Zone Walk failed: pinterest.com: NsecTraversal: pinterest.com. NSEC record not found
00:48:21.068216 DNS: Zone Walk failed: pinterest.com: NsecTraversal: pinterest.com. NSEC record not found
00:48:21.094922 DNS: Zone Walk failed: pinterest.com: NsecTraversal: pinterest.com. NSEC record not found
00:48:21.179500 DNS: Zone Walk failed: pinterest.com: NsecTraversal: pinterest.com. NSEC record not found
00:48:23.004465 DNS: Zone Walk failed: pinterest.com: NsecTraversal: pinterest.com. NSEC record not found
00:51:39.392750 DNS: Zone Walk failed: pinterest.com: NsecTraversal: pinterest.com. NSEC record not found
00:51:39.400323 DNS: Zone Walk failed: pinterest.com: NsecTraversal: pinterest.com. NSEC record not found
00:51:39.466278 DNS: Zone Walk failed: pinterest.com: NsecTraversal: pinterest.com. NSEC record not found
00:51:39.495050 DNS: Zone Walk failed: pinterest.com: NsecTraversal: pinterest.com. NSEC record not found
00:51:39.603774 DNS: Zone Walk failed: pinterest.com: NsecTraversal: pinterest.com. NSEC record not found
00:51:39.783688 DNS: Zone Walk failed: pinterest.com: NsecTraversal: pinterest.com. NSEC record not found
00:51:39.924513 DNS: Zone Walk failed: pinterest.com: NsecTraversal: pinterest.com. NSEC record not found
00:51:40.704748 DNS: Zone Walk failed: pinterest.com: NsecTraversal: pinterest.com. NSEC record not found
00:52:52.582281 CommonCrawl: scrape: Get "https://index.commoncrawl.org/CC-MAIN-2018-51-index?output=json&fl=url&url=*.pinterest.com": context deadline exceeded (Client.Timeout exceeded while awaiting headers)
00:52:54.660763 Querying Wayback for appsecusa.org subdomains
00:53:34.135433 DNS: Zone Walk failed: appsecusa.org: NsecTraversal: appsecusa.org. NSEC record not found
00:53:34.261624 DNS: Zone Walk failed: appsecusa.org: NsecTraversal: appsecusa.org. NSEC record not found
00:53:45.083383 DNS: Zone Walk failed: pinterest.com: NsecTraversal: pinterest.com. NSEC record not found
00:53:45.163563 DNS: Zone Walk failed: pinterest.com: NsecTraversal: pinterest.com. NSEC record not found
00:53:45.191389 DNS: Zone Walk failed: pinterest.com: NsecTraversal: pinterest.com. NSEC record not found
00:53:45.246633 DNS: Zone Walk failed: pinterest.com: NsecTraversal: pinterest.com. NSEC record not found
00:53:45.370560 DNS: Zone Walk failed: pinterest.com: NsecTraversal: pinterest.com. NSEC record not found
00:53:46.106212 DNS: Zone Walk failed: pinterest.com: NsecTraversal: pinterest.com. NSEC record not found
00:53:52.421528 DNS: Zone Walk failed: pinterest.com: NsecTraversal: pinterest.com. NSEC record not found
00:53:52.550188 DNS: Zone Walk failed: pinterest.com: NsecTraversal: pinterest.com. NSEC record not found
00:54:27.117517 DNS: Zone Walk failed: pinterest.com: NsecTraversal: pinterest.com. NSEC record not found
00:54:27.160296 DNS: Zone Walk failed: pinterest.com: NsecTraversal: pinterest.com. NSEC record not found
00:54:27.282713 DNS: Zone Walk failed: pinterest.com: NsecTraversal: pinterest.com. NSEC record not found
00:54:27.364882 DNS: Zone Walk failed: pinterest.com: NsecTraversal: pinterest.com. NSEC record not found
00:54:27.370200 DNS: Zone Walk failed: pinterest.com: NsecTraversal: pinterest.com. NSEC record not found
00:54:27.386978 DNS: Zone Walk failed: pinterest.com: NsecTraversal: pinterest.com. NSEC record not found
00:54:34.612567 DNS: Zone Walk failed: pinterest.com: NsecTraversal: pinterest.com. NSEC record not found
00:54:35.448934 DNS: Zone Walk failed: pinterest.com: NsecTraversal: pinterest.com. NSEC record not found
00:55:28.778148 DNS: Zone Walk failed: pinterest.com: NsecTraversal: pinterest.com. NSEC record not found
00:55:28.841947 DNS: Zone Walk failed: pinterest.com: NsecTraversal: pinterest.com. NSEC record not found
00:55:28.910351 DNS: Zone Walk failed: pinterest.com: NsecTraversal: pinterest.com. NSEC record not found
00:55:28.977384 DNS: Zone Walk failed: pinterest.com: NsecTraversal: pinterest.com. NSEC record not found
00:55:29.181421 DNS: Zone Walk failed: pinterest.com: NsecTraversal: pinterest.com. NSEC record not found
00:55:29.291891 DNS: Zone Walk failed: pinterest.com: NsecTraversal: pinterest.com. NSEC record not found
00:55:30.247848 DNS: Zone Walk failed: pinterest.com: NsecTraversal: pinterest.com. NSEC record not found
00:55:31.103229 DNS: Zone Walk failed: pinterest.com: NsecTraversal: pinterest.com. NSEC record not found
00:56:39.443433 CommonCrawl: scrape: Get "https://index.commoncrawl.org/CC-MAIN-2018-17-index?output=json&fl=url&url=*.pinterest.com": context deadline exceeded (Client.Timeout exceeded while awaiting headers)
00:56:50.641566 DNS: Zone Walk failed: pinterest.com: NsecTraversal: pinterest.com. NSEC record not found
00:56:50.753142 DNS: Zone Walk failed: pinterest.com: NsecTraversal: pinterest.com. NSEC record not found
00:56:50.948503 DNS: Zone Walk failed: pinterest.com: NsecTraversal: pinterest.com. NSEC record not found
00:56:51.001974 DNS: Zone Walk failed: pinterest.com: NsecTraversal: pinterest.com. NSEC record not found
00:56:51.035647 DNS: Zone Walk failed: pinterest.com: NsecTraversal: pinterest.com. NSEC record not found
00:56:51.244480 DNS: Zone Walk failed: pinterest.com: NsecTraversal: pinterest.com. NSEC record not found
00:56:51.295361 DNS: Zone Walk failed: pinterest.com: NsecTraversal: pinterest.com. NSEC record not found
00:56:52.932026 DNS: Zone Walk failed: pinterest.com: NsecTraversal: pinterest.com. NSEC record not found
00:56:55.859268 DNS: Zone Walk failed: pinterest.com: NsecTraversal: pinterest.com. NSEC record not found
00:56:59.849908 DNS: Zone Walk failed: pinterest.com: NsecTraversal: pinterest.com. NSEC record not found
00:56:59.856195 DNS: Zone Walk failed: pinterest.com: NsecTraversal: pinterest.com. NSEC record not found
00:56:59.977654 DNS: Zone Walk failed: pinterest.com: NsecTraversal: pinterest.com. NSEC record not found
00:57:00.194116 DNS: Zone Walk failed: pinterest.com: NsecTraversal: pinterest.com. NSEC record not found
00:57:00.293766 DNS: Zone Walk failed: pinterest.com: NsecTraversal: pinterest.com. NSEC record not found
00:57:00.981480 DNS: Zone Walk failed: pinterest.com: NsecTraversal: pinterest.com. NSEC record not found
00:57:01.112222 DNS: Zone Walk failed: pinterest.com: NsecTraversal: pinterest.com. NSEC record not found
00:58:02.781234 CommonCrawl: scrape: Get "https://index.commoncrawl.org/CC-MAIN-2018-09-index?output=json&fl=url&url=*.pinterest.com": context deadline exceeded (Client.Timeout exceeded while awaiting headers)
01:00:58.214445 DNS: Zone Walk failed: pinterest.com: NsecTraversal: pinterest.com. NSEC record not found
01:00:58.452036 DNS: Zone Walk failed: pinterest.com: NsecTraversal: pinterest.com. NSEC record not found
01:00:58.470156 DNS: Zone Walk failed: pinterest.com: NsecTraversal: pinterest.com. NSEC record not found
01:00:58.667155 DNS: Zone Walk failed: pinterest.com: NsecTraversal: pinterest.com. NSEC record not found
01:00:58.701095 DNS: Zone Walk failed: pinterest.com: NsecTraversal: pinterest.com. NSEC record not found
01:00:58.797365 DNS: Zone Walk failed: pinterest.com: NsecTraversal: pinterest.com. NSEC record not found
01:00:59.436558 DNS: Zone Walk failed: pinterest.com: NsecTraversal: pinterest.com. NSEC record not found
01:00:59.439429 DNS: Zone Walk failed: pinterest.com: NsecTraversal: pinterest.com. NSEC record not found
01:01:22.295185 CommonCrawl: scrape: Get "https://index.commoncrawl.org/CC-MAIN-2017-26-index?output=json&fl=url&url=*.pinterest.com": context deadline exceeded (Client.Timeout exceeded while awaiting headers)
01:04:07.737994 CommonCrawl: scrape: Get "https://index.commoncrawl.org/CC-MAIN-2016-50-index?output=json&fl=url&url=*.pinterest.com": context deadline exceeded (Client.Timeout exceeded while awaiting headers)
01:05:51.911128 DNS: Zone Walk failed: appsec-labs.com: NsecTraversal: appsec-labs.com. NSEC record not found
01:05:51.928718 DNS: Zone Walk failed: appsec-labs.com: NsecTraversal: appsec-labs.com. NSEC record not found
01:06:09.693129 DNS: Zone Walk failed: pinterest.com: NsecTraversal: pinterest.com. NSEC record not found
01:06:09.703397 DNS: Zone Walk failed: pinterest.com: NsecTraversal: pinterest.com. NSEC record not found
01:06:09.910934 DNS: Zone Walk failed: pinterest.com: NsecTraversal: pinterest.com. NSEC record not found
01:06:10.688679 DNS: Zone Walk failed: pinterest.com: NsecTraversal: pinterest.com. NSEC record not found
01:06:13.501078 DNS: Zone Walk failed: pinterest.com: NsecTraversal: pinterest.com. NSEC record not found
01:06:13.668170 DNS: Zone Walk failed: pinterest.com: NsecTraversal: pinterest.com. NSEC record not found
01:06:13.781978 DNS: Zone Walk failed: pinterest.com: NsecTraversal: pinterest.com. NSEC record not found
01:06:13.825877 DNS: Zone Walk failed: pinterest.com: NsecTraversal: pinterest.com. NSEC record not found
01:07:01.808245 CommonCrawl: scrape: Get "https://index.commoncrawl.org/CC-MAIN-2016-26-index?output=json&fl=url&url=*.pinterest.com": context deadline exceeded (Client.Timeout exceeded while awaiting headers)
01:09:45.690367 DNS: Zone Walk failed: pinterest.com: NsecTraversal: pinterest.com. NSEC record not found
01:09:52.572721 DNS: Zone Walk failed: pinterest.com: NsecTraversal: pinterest.com. NSEC record not found
01:09:54.121101 DNS: Zone Walk failed: pinterest.com: NsecTraversal: pinterest.com. NSEC record not found
01:09:55.385447 DNS: Zone Walk failed: pinterest.com: NsecTraversal: pinterest.com. NSEC record not found
01:09:57.837213 DNS: Zone Walk failed: pinterest.com: NsecTraversal: pinterest.com. NSEC record not found
01:09:58.867651 DNS: Zone Walk failed: pinterest.com: NsecTraversal: pinterest.com. NSEC record not found
01:09:59.983032 DNS: Zone Walk failed: pinterest.com: NsecTraversal: pinterest.com. NSEC record not found
01:10:02.130628 DNS: Zone Walk failed: pinterest.com: NsecTraversal: pinterest.com. NSEC record not found
01:13:57.234972 DNS: Zone Walk failed: pinterest.com: NsecTraversal: pinterest.com. NSEC record not found
01:13:58.712696 DNS: Zone Walk failed: pinterest.com: NsecTraversal: pinterest.com. NSEC record not found
01:14:00.080058 DNS: Zone Walk failed: pinterest.com: NsecTraversal: pinterest.com. NSEC record not found
01:14:01.370478 DNS: Zone Walk failed: pinterest.com: NsecTraversal: pinterest.com. NSEC record not found
01:14:03.833279 DNS: Zone Walk failed: pinterest.com: NsecTraversal: pinterest.com. NSEC record not found
01:14:05.333528 DNS: Zone Walk failed: pinterest.com: NsecTraversal: pinterest.com. NSEC record not found
01:14:06.779772 DNS: Zone Walk failed: pinterest.com: NsecTraversal: pinterest.com. NSEC record not found
01:14:07.987979 DNS: Zone Walk failed: pinterest.com: NsecTraversal: pinterest.com. NSEC record not found
01:14:09.194181 DNS: Zone Walk failed: pinterest.com: NsecTraversal: pinterest.com. NSEC record not found
01:14:10.521043 DNS: Zone Walk failed: pinterest.com: NsecTraversal: pinterest.com. NSEC record not found
01:14:11.713545 DNS: Zone Walk failed: pinterest.com: NsecTraversal: pinterest.com. NSEC record not found
01:14:13.173300 DNS: Zone Walk failed: pinterest.com: NsecTraversal: pinterest.com. NSEC record not found
01:14:14.481418 DNS: Zone Walk failed: pinterest.com: NsecTraversal: pinterest.com. NSEC record not found
01:14:15.690902 DNS: Zone Walk failed: pinterest.com: NsecTraversal: pinterest.com. NSEC record not found
01:14:17.607148 DNS: Zone Walk failed: pinterest.com: NsecTraversal: pinterest.com. NSEC record not found
01:14:18.703987 DNS: Zone Walk failed: pinterest.com: NsecTraversal: pinterest.com. NSEC record not found
01:16:02.809975 CommonCrawl: scrape: Get "https://index.commoncrawl.org/CC-MAIN-2012-index?output=json&fl=url&url=*.pinterest.com": context deadline exceeded (Client.Timeout exceeded while awaiting headers)
01:16:44.276512 CommonCrawl: scrape: 404: 404 Not Found
01:19:14.508316 DNS: Zone Walk failed: pinterest.com: NsecTraversal: pinterest.com. NSEC record not found
01:19:17.732829 DNS: Zone Walk failed: pinterest.com: NsecTraversal: pinterest.com. NSEC record not found
01:19:18.791482 DNS: Zone Walk failed: pinterest.com: NsecTraversal: pinterest.com. NSEC record not found
01:19:19.996197 DNS: Zone Walk failed: pinterest.com: NsecTraversal: pinterest.com. NSEC record not found
01:19:21.374365 DNS: Zone Walk failed: pinterest.com: NsecTraversal: pinterest.com. NSEC record not found
01:19:22.799216 DNS: Zone Walk failed: pinterest.com: NsecTraversal: pinterest.com. NSEC record not found
01:19:24.283264 DNS: Zone Walk failed: pinterest.com: NsecTraversal: pinterest.com. NSEC record not found
01:19:26.847887 DNS: Zone Walk failed: pinterest.com: NsecTraversal: pinterest.com. NSEC record not found
01:19:28.138496 DNS: Zone Walk failed: pinterest.com: NsecTraversal: pinterest.com. NSEC record not found
01:19:29.625528 DNS: Zone Walk failed: pinterest.com: NsecTraversal: pinterest.com. NSEC record not found
01:19:33.379215 DNS: Zone Walk failed: pinterest.com: NsecTraversal: pinterest.com. NSEC record not found
01:19:34.759867 DNS: Zone Walk failed: pinterest.com: NsecTraversal: pinterest.com. NSEC record not found
01:19:36.237242 DNS: Zone Walk failed: pinterest.com: NsecTraversal: pinterest.com. NSEC record not found
01:19:37.572031 DNS: Zone Walk failed: pinterest.com: NsecTraversal: pinterest.com. NSEC record not found
01:19:39.048287 DNS: Zone Walk failed: pinterest.com: NsecTraversal: pinterest.com. NSEC record not found
01:19:40.457233 DNS: Zone Walk failed: pinterest.com: NsecTraversal: pinterest.com. NSEC record not found
01:20:07.261341 DNS: Zone Walk failed: pinterest.com: NsecTraversal: pinterest.com. NSEC record not found
01:20:14.361681 DNS: Zone Walk failed: pinterest.com: NsecTraversal: pinterest.com. NSEC record not found
01:20:15.683350 DNS: Zone Walk failed: pinterest.com: NsecTraversal: pinterest.com. NSEC record not found
01:20:17.282123 DNS: Zone Walk failed: pinterest.com: NsecTraversal: pinterest.com. NSEC record not found
01:20:18.699331 DNS: Zone Walk failed: pinterest.com: NsecTraversal: pinterest.com. NSEC record not found
01:20:21.278763 DNS: Zone Walk failed: pinterest.com: NsecTraversal: pinterest.com. NSEC record not found
01:20:22.505362 DNS: Zone Walk failed: pinterest.com: NsecTraversal: pinterest.com. NSEC record not found
01:20:23.994172 DNS: Zone Walk failed: pinterest.com: NsecTraversal: pinterest.com. NSEC record not found
01:21:15.072361 DNS: Zone Walk failed: pinterest.com: NsecTraversal: pinterest.com. NSEC record not found
01:21:22.121553 DNS: Zone Walk failed: pinterest.com: NsecTraversal: pinterest.com. NSEC record not found
01:21:23.577491 DNS: Zone Walk failed: pinterest.com: NsecTraversal: pinterest.com. NSEC record not found
01:21:24.972849 DNS: Zone Walk failed: pinterest.com: NsecTraversal: pinterest.com. NSEC record not found
01:21:26.377778 DNS: Zone Walk failed: pinterest.com: NsecTraversal: pinterest.com. NSEC record not found
01:21:27.698079 DNS: Zone Walk failed: pinterest.com: NsecTraversal: pinterest.com. NSEC record not found
01:21:28.978074 DNS: Zone Walk failed: pinterest.com: NsecTraversal: pinterest.com. NSEC record not found
01:21:30.429329 DNS: Zone Walk failed: pinterest.com: NsecTraversal: pinterest.com. NSEC record not found
01:52:51.394601 Querying CommonCrawl for owasp.org subdomains
01:53:58.395690 CommonCrawl: scrape: Get "https://index.commoncrawl.org/CC-MAIN-2022-40-index?output=json&fl=url&url=*.owasp.org": context deadline exceeded (Client.Timeout exceeded while awaiting headers)
01:55:04.397858 CommonCrawl: scrape: Get "https://index.commoncrawl.org/CC-MAIN-2022-33-index?output=json&fl=url&url=*.owasp.org": context deadline exceeded (Client.Timeout exceeded while awaiting headers)
01:56:49.192069 CommonCrawl: scrape: Get "https://index.commoncrawl.org/CC-MAIN-2022-05-index?output=json&fl=url&url=*.owasp.org": context deadline exceeded (Client.Timeout exceeded while awaiting headers)
01:58:17.758241 BGPView: get_cidr request to service failed: 403: 403 Forbidden
01:58:17.823396 Spyse: request to https://api.spyse.com/v4/data/ip/99.84.37.103 failed: Get "https://api.spyse.com/v4/data/ip/99.84.37.103": dial tcp: lookup api.spyse.com: no such host
01:58:17.841577 IPdata: asn callback: <string>:54: attempt to index a non-table object(nil) with key 'asn'
stack traceback:
	<string>:54: in main chunk
	[G]: ?
01:58:17.851823 IPinfo: get_asn request to service failed: 403: 403 Forbidden
01:58:21.731098 BGPTools: asn callback: <string>:91: attempt to index a non-table object(nil) with key 'lines'
stack traceback:
	<string>:91: in function 'netblocks'
	<string>:32: in main chunk
	[G]: ?
01:58:22.127905 NetworksDB: https://networksdb.io/api/v1/ip/info: The request returned zero results
01:58:22.127941 NetworksDB: 99.84.37.103: Failed to obtain IP address information
01:58:59.730497 CommonCrawl: scrape: Get "https://index.commoncrawl.org/CC-MAIN-2021-31-index?output=json&fl=url&url=*.owasp.org": context deadline exceeded (Client.Timeout exceeded while awaiting headers)
02:00:29.499368 CommonCrawl: scrape: Get "https://index.commoncrawl.org/CC-MAIN-2021-21-index?output=json&fl=url&url=*.owasp.org": context deadline exceeded (Client.Timeout exceeded while awaiting headers)
02:02:06.592141 CommonCrawl: scrape: Get "https://index.commoncrawl.org/CC-MAIN-2021-10-index?output=json&fl=url&url=*.owasp.org": context deadline exceeded (Client.Timeout exceeded while awaiting headers)
02:08:32.403211 Querying Brute Forcing for pinterest.com subdomains
02:09:55.668957 CommonCrawl: scrape: Get "https://index.commoncrawl.org/CC-MAIN-2019-30-index?output=json&fl=url&url=*.owasp.org": context deadline exceeded (Client.Timeout exceeded while awaiting headers)
02:11:01.670141 CommonCrawl: scrape: Get "https://index.commoncrawl.org/CC-MAIN-2019-26-index?output=json&fl=url&url=*.owasp.org": context deadline exceeded (Client.Timeout exceeded while awaiting headers)
02:12:57.393142 CommonCrawl: scrape: Get "https://index.commoncrawl.org/CC-MAIN-2019-13-index?output=json&fl=url&url=*.owasp.org": context deadline exceeded (Client.Timeout exceeded while awaiting headers)
02:14:36.081174 CommonCrawl: scrape: Get "https://index.commoncrawl.org/CC-MAIN-2019-04-index?output=json&fl=url&url=*.owasp.org": context deadline exceeded (Client.Timeout exceeded while awaiting headers)
02:16:20.568548 CommonCrawl: scrape: Get "https://index.commoncrawl.org/CC-MAIN-2018-43-index?output=json&fl=url&url=*.owasp.org": context deadline exceeded (Client.Timeout exceeded while awaiting headers)
02:19:23.808023 CommonCrawl: scrape: Get "https://index.commoncrawl.org/CC-MAIN-2018-17-index?output=json&fl=url&url=*.owasp.org": context deadline exceeded (Client.Timeout exceeded while awaiting headers)
02:20:46.979174 CommonCrawl: scrape: Get "https://index.commoncrawl.org/CC-MAIN-2018-09-index?output=json&fl=url&url=*.owasp.org": context deadline exceeded (Client.Timeout exceeded while awaiting headers)
02:26:59.810254 CommonCrawl: scrape: Get "https://index.commoncrawl.org/CC-MAIN-2016-50-index?output=json&fl=url&url=*.owasp.org": context deadline exceeded (Client.Timeout exceeded while awaiting headers)
02:28:05.811739 CommonCrawl: scrape: Get "https://index.commoncrawl.org/CC-MAIN-2016-44-index?output=json&fl=url&url=*.owasp.org": context deadline exceeded (Client.Timeout exceeded while awaiting headers)
02:30:38.674240 CommonCrawl: scrape: Get "https://index.commoncrawl.org/CC-MAIN-2016-18-index?output=json&fl=url&url=*.owasp.org": context deadline exceeded (Client.Timeout exceeded while awaiting headers)
02:31:44.675222 CommonCrawl: scrape: Get "https://index.commoncrawl.org/CC-MAIN-2016-07-index?output=json&fl=url&url=*.owasp.org": context deadline exceeded (Client.Timeout exceeded while awaiting headers)
02:32:50.675849 CommonCrawl: scrape: Get "https://index.commoncrawl.org/CC-MAIN-2015-48-index?output=json&fl=url&url=*.owasp.org": context deadline exceeded (Client.Timeout exceeded while awaiting headers)
02:33:56.677331 CommonCrawl: scrape: Get "https://index.commoncrawl.org/CC-MAIN-2015-40-index?output=json&fl=url&url=*.owasp.org": context deadline exceeded (Client.Timeout exceeded while awaiting headers)
02:35:22.237789 CommonCrawl: scrape: Get "https://index.commoncrawl.org/CC-MAIN-2015-32-index?output=json&fl=url&url=*.owasp.org": context deadline exceeded (Client.Timeout exceeded while awaiting headers)
02:36:28.239514 CommonCrawl: scrape: Get "https://index.commoncrawl.org/CC-MAIN-2015-27-index?output=json&fl=url&url=*.owasp.org": context deadline exceeded (Client.Timeout exceeded while awaiting headers)
02:37:59.030100 CommonCrawl: scrape: Get "https://index.commoncrawl.org/CC-MAIN-2015-18-index?output=json&fl=url&url=*.owasp.org": context deadline exceeded (Client.Timeout exceeded while awaiting headers)
02:39:41.986763 CommonCrawl: scrape: Get "https://index.commoncrawl.org/CC-MAIN-2015-06-index?output=json&fl=url&url=*.owasp.org": context deadline exceeded (Client.Timeout exceeded while awaiting headers)
02:43:02.814516 CommonCrawl: scrape: Get "https://index.commoncrawl.org/CC-MAIN-2014-15-index?output=json&fl=url&url=*.owasp.org": context deadline exceeded (Client.Timeout exceeded while awaiting headers)
02:44:27.776776 CommonCrawl: scrape: Get "https://index.commoncrawl.org/CC-MAIN-2013-48-index?output=json&fl=url&url=*.owasp.org": context deadline exceeded (Client.Timeout exceeded while awaiting headers)
02:45:32.302459 CommonCrawl: scrape: 404: 404 Not Found
02:46:38.302900 CommonCrawl: scrape: Get "https://index.commoncrawl.org/CC-MAIN-2009-2010-index?output=json&fl=url&url=*.owasp.org": context deadline exceeded (Client.Timeout exceeded while awaiting headers)
03:13:38.288513 Querying CommonCrawl for appsecusa.org subdomains
03:15:30.670069 CommonCrawl: scrape: Get "https://index.commoncrawl.org/CC-MAIN-2022-05-index?output=json&fl=url&url=*.appsecusa.org": context deadline exceeded (Client.Timeout exceeded while awaiting headers)
03:16:36.670548 CommonCrawl: scrape: Get "https://index.commoncrawl.org/CC-MAIN-2021-49-index?output=json&fl=url&url=*.appsecusa.org": context deadline exceeded (Client.Timeout exceeded while awaiting headers)
03:17:58.566700 CommonCrawl: scrape: Get "https://index.commoncrawl.org/CC-MAIN-2021-39-index?output=json&fl=url&url=*.appsecusa.org": context deadline exceeded (Client.Timeout exceeded while awaiting headers)
03:20:23.527574 CommonCrawl: scrape: Get "https://index.commoncrawl.org/CC-MAIN-2021-04-index?output=json&fl=url&url=*.appsecusa.org": context deadline exceeded (Client.Timeout exceeded while awaiting headers)
03:22:10.100341 CommonCrawl: scrape: Get "https://index.commoncrawl.org/CC-MAIN-2020-45-index?output=json&fl=url&url=*.appsecusa.org": context deadline exceeded (Client.Timeout exceeded while awaiting headers)
03:23:16.101450 CommonCrawl: scrape: Get "https://index.commoncrawl.org/CC-MAIN-2020-40-index?output=json&fl=url&url=*.appsecusa.org": context deadline exceeded (Client.Timeout exceeded while awaiting headers)
03:24:29.707838 CommonCrawl: scrape: Get "https://index.commoncrawl.org/CC-MAIN-2020-29-index?output=json&fl=url&url=*.appsecusa.org": context deadline exceeded (Client.Timeout exceeded while awaiting headers)
03:27:39.462839 CommonCrawl: scrape: Get "https://index.commoncrawl.org/CC-MAIN-2019-22-index?output=json&fl=url&url=*.appsecusa.org": context deadline exceeded (Client.Timeout exceeded while awaiting headers)
03:28:08.274499 Querying Brute Forcing for owasp.org subdomains
03:28:45.464435 CommonCrawl: scrape: Get "https://index.commoncrawl.org/CC-MAIN-2019-18-index?output=json&fl=url&url=*.appsecusa.org": context deadline exceeded (Client.Timeout exceeded while awaiting headers)
03:29:51.465554 CommonCrawl: scrape: Get "https://index.commoncrawl.org/CC-MAIN-2019-13-index?output=json&fl=url&url=*.appsecusa.org": context deadline exceeded (Client.Timeout exceeded while awaiting headers)
03:30:57.467649 CommonCrawl: scrape: Get "https://index.commoncrawl.org/CC-MAIN-2019-09-index?output=json&fl=url&url=*.appsecusa.org": context deadline exceeded (Client.Timeout exceeded while awaiting headers)
03:33:25.969833 CommonCrawl: scrape: Get "https://index.commoncrawl.org/CC-MAIN-2018-30-index?output=json&fl=url&url=*.appsecusa.org": context deadline exceeded (Client.Timeout exceeded while awaiting headers)
03:34:31.971129 CommonCrawl: scrape: Get "https://index.commoncrawl.org/CC-MAIN-2018-26-index?output=json&fl=url&url=*.appsecusa.org": context deadline exceeded (Client.Timeout exceeded while awaiting headers)
03:35:37.972918 CommonCrawl: scrape: Get "https://index.commoncrawl.org/CC-MAIN-2018-22-index?output=json&fl=url&url=*.appsecusa.org": context deadline exceeded (Client.Timeout exceeded while awaiting headers)
03:37:06.044627 CommonCrawl: scrape: Get "https://index.commoncrawl.org/CC-MAIN-2018-09-index?output=json&fl=url&url=*.appsecusa.org": context deadline exceeded (Client.Timeout exceeded while awaiting headers)
03:38:54.813737 CommonCrawl: scrape: Get "https://index.commoncrawl.org/CC-MAIN-2017-43-index?output=json&fl=url&url=*.appsecusa.org": context deadline exceeded (Client.Timeout exceeded while awaiting headers)
03:40:10.906905 CommonCrawl: scrape: Get "https://index.commoncrawl.org/CC-MAIN-2017-34-index?output=json&fl=url&url=*.appsecusa.org": context deadline exceeded (Client.Timeout exceeded while awaiting headers)
03:41:30.507630 CommonCrawl: scrape: Get "https://index.commoncrawl.org/CC-MAIN-2017-26-index?output=json&fl=url&url=*.appsecusa.org": context deadline exceeded (Client.Timeout exceeded while awaiting headers)
03:42:36.508321 CommonCrawl: scrape: Get "https://index.commoncrawl.org/CC-MAIN-2017-22-index?output=json&fl=url&url=*.appsecusa.org": context deadline exceeded (Client.Timeout exceeded while awaiting headers)
03:43:50.762759 CommonCrawl: scrape: Get "https://index.commoncrawl.org/CC-MAIN-2017-13-index?output=json&fl=url&url=*.appsecusa.org": context deadline exceeded (Client.Timeout exceeded while awaiting headers)
03:45:16.937469 CommonCrawl: scrape: Get "https://index.commoncrawl.org/CC-MAIN-2016-50-index?output=json&fl=url&url=*.appsecusa.org": context deadline exceeded (Client.Timeout exceeded while awaiting headers)
03:46:35.369521 CommonCrawl: scrape: Get "https://index.commoncrawl.org/CC-MAIN-2016-40-index?output=json&fl=url&url=*.appsecusa.org": context deadline exceeded (Client.Timeout exceeded while awaiting headers)
03:47:49.988976 CommonCrawl: scrape: Get "https://index.commoncrawl.org/CC-MAIN-2016-30-index?output=json&fl=url&url=*.appsecusa.org": context deadline exceeded (Client.Timeout exceeded while awaiting headers)
03:49:26.641946 CommonCrawl: scrape: Get "https://index.commoncrawl.org/CC-MAIN-2016-07-index?output=json&fl=url&url=*.appsecusa.org": context deadline exceeded (Client.Timeout exceeded while awaiting headers)
03:50:41.299430 CommonCrawl: scrape: Get "https://index.commoncrawl.org/CC-MAIN-2015-40-index?output=json&fl=url&url=*.appsecusa.org": context deadline exceeded (Client.Timeout exceeded while awaiting headers)
03:52:41.653723 CommonCrawl: scrape: Get "https://index.commoncrawl.org/CC-MAIN-2015-18-index?output=json&fl=url&url=*.appsecusa.org": context deadline exceeded (Client.Timeout exceeded while awaiting headers)
03:55:35.604947 CommonCrawl: scrape: Get "https://index.commoncrawl.org/CC-MAIN-2014-35-index?output=json&fl=url&url=*.appsecusa.org": context deadline exceeded (Client.Timeout exceeded while awaiting headers)
03:57:03.362987 CommonCrawl: scrape: Get "https://index.commoncrawl.org/CC-MAIN-2014-10-index?output=json&fl=url&url=*.appsecusa.org": context deadline exceeded (Client.Timeout exceeded while awaiting headers)
03:58:21.645752 CommonCrawl: scrape: 404: 404 Not Found
04:01:45.857793 Querying Brute Forcing for appsecusa.org subdomains
